{"meta": {"format": 3, "version": "7.15.0", "timestamp": "2026-07-04T20:00:33.544311", "branch_coverage": true, "show_contexts": false}, "files": {"src/atlassian_md_export/__init__.py": {"executed_lines": [3], "summary": {"covered_lines": 1, "num_statements": 1, "percent_covered": 100.0, "percent_covered_display": "100", "missing_lines": 0, "excluded_lines": 0, "percent_statements_covered": 100.0, "percent_statements_covered_display": "100", "num_branches": 0, "num_partial_branches": 0, "covered_branches": 0, "missing_branches": 0, "percent_branches_covered": 100.0, "percent_branches_covered_display": "100"}, "missing_lines": [], "excluded_lines": [], "executed_branches": [], "missing_branches": [], "functions": {"": {"executed_lines": [3], "summary": {"covered_lines": 1, "num_statements": 1, "percent_covered": 100.0, "percent_covered_display": "100", "missing_lines": 0, "excluded_lines": 0, "percent_statements_covered": 100.0, "percent_statements_covered_display": "100", "num_branches": 0, "num_partial_branches": 0, "covered_branches": 0, "missing_branches": 0, "percent_branches_covered": 100.0, "percent_branches_covered_display": "100"}, "missing_lines": [], "excluded_lines": [], "start_line": 1, "executed_branches": [], "missing_branches": []}}, "classes": {"": {"executed_lines": [3], "summary": {"covered_lines": 1, "num_statements": 1, "percent_covered": 100.0, "percent_covered_display": "100", "missing_lines": 0, "excluded_lines": 0, "percent_statements_covered": 100.0, "percent_statements_covered_display": "100", "num_branches": 0, "num_partial_branches": 0, "covered_branches": 0, "missing_branches": 0, "percent_branches_covered": 100.0, "percent_branches_covered_display": "100"}, "missing_lines": [], "excluded_lines": [], "start_line": 1, "executed_branches": [], "missing_branches": []}}}, "src/atlassian_md_export/attachments.py": {"executed_lines": [3, 5, 6, 7, 8, 9, 11, 12, 13, 21, 24, 27, 28, 29, 30, 31, 32, 33, 35, 36, 37, 39, 40, 42, 43, 44, 45, 46, 47, 50, 51, 52, 53, 56, 62, 65, 68, 71, 77, 78, 81, 88, 90, 91, 92, 93], "summary": {"covered_lines": 46, "num_statements": 47, "percent_covered": 96.49122807017544, "percent_covered_display": "96", "missing_lines": 1, "excluded_lines": 0, "percent_statements_covered": 97.87234042553192, "percent_statements_covered_display": "98", "num_branches": 10, "num_partial_branches": 1, "covered_branches": 9, "missing_branches": 1, "percent_branches_covered": 90.0, "percent_branches_covered_display": "90"}, "missing_lines": [89], "excluded_lines": [], "executed_branches": [[32, 33], [32, 35], [36, 37], [36, 39], [39, 40], [39, 42], [88, 90], [90, 91], [90, 92]], "missing_branches": [[88, 89]], "functions": {"sanitize_attachment_filename": {"executed_lines": [27, 28, 29, 30, 31, 32, 33, 35, 36, 37, 39, 40, 42, 43, 44, 45, 46, 47], "summary": {"covered_lines": 18, "num_statements": 18, "percent_covered": 100.0, "percent_covered_display": "100", "missing_lines": 0, "excluded_lines": 0, "percent_statements_covered": 100.0, "percent_statements_covered_display": "100", "num_branches": 6, "num_partial_branches": 0, "covered_branches": 6, "missing_branches": 0, "percent_branches_covered": 100.0, "percent_branches_covered_display": "100"}, "missing_lines": [], "excluded_lines": [], "start_line": 24, "executed_branches": [[32, 33], [32, 35], [36, 37], [36, 39], [39, 40], [39, 42]], "missing_branches": []}, "safe_attachment_name": {"executed_lines": [51, 52, 53], "summary": {"covered_lines": 3, "num_statements": 3, "percent_covered": 100.0, "percent_covered_display": "100", "missing_lines": 0, "excluded_lines": 0, "percent_statements_covered": 100.0, "percent_statements_covered_display": "100", "num_branches": 0, "num_partial_branches": 0, "covered_branches": 0, "missing_branches": 0, "percent_branches_covered": 100.0, "percent_branches_covered_display": "100"}, "missing_lines": [], "excluded_lines": [], "start_line": 50, "executed_branches": [], "missing_branches": []}, "attachment_path": {"executed_lines": [62], "summary": {"covered_lines": 1, "num_statements": 1, "percent_covered": 100.0, "percent_covered_display": "100", "missing_lines": 0, "excluded_lines": 0, "percent_statements_covered": 100.0, "percent_statements_covered_display": "100", "num_branches": 0, "num_partial_branches": 0, "covered_branches": 0, "missing_branches": 0, "percent_branches_covered": 100.0, "percent_branches_covered_display": "100"}, "missing_lines": [], "excluded_lines": [], "start_line": 56, "executed_branches": [], "missing_branches": []}, "attachment_relative_path": {"executed_lines": [68], "summary": {"covered_lines": 1, "num_statements": 1, "percent_covered": 100.0, "percent_covered_display": "100", "missing_lines": 0, "excluded_lines": 0, "percent_statements_covered": 100.0, "percent_statements_covered_display": "100", "num_branches": 0, "num_partial_branches": 0, "covered_branches": 0, "missing_branches": 0, "percent_branches_covered": 100.0, "percent_branches_covered_display": "100"}, "missing_lines": [], "excluded_lines": [], "start_line": 65, "executed_branches": [], "missing_branches": []}, "confluence_attachment_path": {"executed_lines": [77, 78], "summary": {"covered_lines": 2, "num_statements": 2, "percent_covered": 100.0, "percent_covered_display": "100", "missing_lines": 0, "excluded_lines": 0, "percent_statements_covered": 100.0, "percent_statements_covered_display": "100", "num_branches": 0, "num_partial_branches": 0, "covered_branches": 0, "missing_branches": 0, "percent_branches_covered": 100.0, "percent_branches_covered_display": "100"}, "missing_lines": [], "excluded_lines": [], "start_line": 71, "executed_branches": [], "missing_branches": []}, "should_download_attachment": {"executed_lines": [88, 90, 91, 92, 93], "summary": {"covered_lines": 5, "num_statements": 6, "percent_covered": 80.0, "percent_covered_display": "80", "missing_lines": 1, "excluded_lines": 0, "percent_statements_covered": 83.33333333333333, "percent_statements_covered_display": "83", "num_branches": 4, "num_partial_branches": 1, "covered_branches": 3, "missing_branches": 1, "percent_branches_covered": 75.0, "percent_branches_covered_display": "75"}, "missing_lines": [89], "excluded_lines": [], "start_line": 81, "executed_branches": [[88, 90], [90, 91], [90, 92]], "missing_branches": [[88, 89]]}, "": {"executed_lines": [3, 5, 6, 7, 8, 9, 11, 12, 13, 21, 24, 50, 56, 65, 71, 81], "summary": {"covered_lines": 16, "num_statements": 16, "percent_covered": 100.0, "percent_covered_display": "100", "missing_lines": 0, "excluded_lines": 0, "percent_statements_covered": 100.0, "percent_statements_covered_display": "100", "num_branches": 0, "num_partial_branches": 0, "covered_branches": 0, "missing_branches": 0, "percent_branches_covered": 100.0, "percent_branches_covered_display": "100"}, "missing_lines": [], "excluded_lines": [], "start_line": 1, "executed_branches": [], "missing_branches": []}}, "classes": {"": {"executed_lines": [3, 5, 6, 7, 8, 9, 11, 12, 13, 21, 24, 27, 28, 29, 30, 31, 32, 33, 35, 36, 37, 39, 40, 42, 43, 44, 45, 46, 47, 50, 51, 52, 53, 56, 62, 65, 68, 71, 77, 78, 81, 88, 90, 91, 92, 93], "summary": {"covered_lines": 46, "num_statements": 47, "percent_covered": 96.49122807017544, "percent_covered_display": "96", "missing_lines": 1, "excluded_lines": 0, "percent_statements_covered": 97.87234042553192, "percent_statements_covered_display": "98", "num_branches": 10, "num_partial_branches": 1, "covered_branches": 9, "missing_branches": 1, "percent_branches_covered": 90.0, "percent_branches_covered_display": "90"}, "missing_lines": [89], "excluded_lines": [], "start_line": 1, "executed_branches": [[32, 33], [32, 35], [36, 37], [36, 39], [39, 40], [39, 42], [88, 90], [90, 91], [90, 92]], "missing_branches": [[88, 89]]}}}, "src/atlassian_md_export/cli.py": {"executed_lines": [3, 5, 6, 7, 8, 9, 10, 12, 13, 14, 15, 16, 18, 19, 20, 21, 22, 23, 24, 25, 26, 27, 28, 29, 30, 31, 32, 33, 34, 35, 36, 37, 38, 39, 40, 41, 42, 43, 44, 45, 46, 48, 49, 54, 59, 60, 63, 67, 68, 78, 81, 82, 92, 95, 96, 104, 105, 114, 117, 118, 126, 127, 136, 139, 140, 185, 186, 187, 194, 195, 196, 214, 217, 218, 249, 250, 286, 287, 334, 335, 344, 345, 346, 347, 352, 355, 356, 365, 366, 367, 368, 371, 372, 385, 386, 387, 391, 392, 433, 461, 462, 512, 513, 547, 548, 594, 595, 600, 601, 606, 609, 610, 615, 616, 619, 620, 629, 633, 634, 635, 636, 637, 639, 640, 641, 642, 644, 645, 649, 651, 654, 655, 656, 660, 663, 664, 672, 680, 681, 687, 688, 693, 696, 697, 705, 706, 707, 708, 709, 711, 712, 713, 714, 716, 717, 720, 725, 732, 738, 745, 746, 747, 753, 754, 760, 761, 764, 765, 766, 767, 768, 769], "summary": {"covered_lines": 172, "num_statements": 230, "percent_covered": 71.65354330708661, "percent_covered_display": "72", "missing_lines": 58, "excluded_lines": 0, "percent_statements_covered": 74.78260869565217, "percent_statements_covered_display": "75", "num_branches": 24, "num_partial_branches": 8, "covered_branches": 10, "missing_branches": 14, "percent_branches_covered": 41.666666666666664, "percent_branches_covered_display": "42"}, "missing_lines": [64, 233, 234, 235, 236, 246, 269, 270, 271, 272, 283, 313, 314, 315, 316, 331, 348, 349, 350, 351, 388, 434, 435, 436, 437, 438, 458, 491, 492, 493, 494, 509, 530, 531, 532, 533, 544, 573, 574, 575, 576, 591, 602, 603, 604, 605, 630, 638, 657, 689, 692, 710, 722, 726, 727, 728, 729, 748], "excluded_lines": [], "executed_branches": [[347, 352], [601, 606], [637, 639], [644, 645], [644, 651], [656, 660], [688, 693], [709, 711], [716, 717], [746, 747]], "missing_branches": [[347, 348], [349, 350], [349, 351], [601, 602], [603, 604], [603, 605], [637, 638], [656, 657], [688, 689], [709, 710], [716, 722], [727, 728], [727, 729], [746, 748]], "functions": {"_config_option": {"executed_lines": [], "summary": {"covered_lines": 0, "num_statements": 1, "percent_covered": 0.0, "percent_covered_display": "0", "missing_lines": 1, "excluded_lines": 0, "percent_statements_covered": 0.0, "percent_statements_covered_display": "0", "num_branches": 0, "num_partial_branches": 0, "covered_branches": 0, "missing_branches": 0, "percent_branches_covered": 100.0, "percent_branches_covered_display": "100"}, "missing_lines": [64], "excluded_lines": [], "start_line": 63, "executed_branches": [], "missing_branches": []}, "main": {"executed_lines": [78], "summary": {"covered_lines": 1, "num_statements": 1, "percent_covered": 100.0, "percent_covered_display": "100", "missing_lines": 0, "excluded_lines": 0, "percent_statements_covered": 100.0, "percent_statements_covered_display": "100", "num_branches": 0, "num_partial_branches": 0, "covered_branches": 0, "missing_branches": 0, "percent_branches_covered": 100.0, "percent_branches_covered_display": "100"}, "missing_lines": [], "excluded_lines": [], "start_line": 68, "executed_branches": [], "missing_branches": []}, "confluence_main": {"executed_lines": [92], "summary": {"covered_lines": 1, "num_statements": 1, "percent_covered": 100.0, "percent_covered_display": "100", "missing_lines": 0, "excluded_lines": 0, "percent_statements_covered": 100.0, "percent_statements_covered_display": "100", "num_branches": 0, "num_partial_branches": 0, "covered_branches": 0, "missing_branches": 0, "percent_branches_covered": 100.0, "percent_branches_covered_display": "100"}, "missing_lines": [], "excluded_lines": [], "start_line": 82, "executed_branches": [], "missing_branches": []}, "init_command": {"executed_lines": [104, 105, 114], "summary": {"covered_lines": 3, "num_statements": 3, "percent_covered": 100.0, "percent_covered_display": "100", "missing_lines": 0, "excluded_lines": 0, "percent_statements_covered": 100.0, "percent_statements_covered_display": "100", "num_branches": 0, "num_partial_branches": 0, "covered_branches": 0, "missing_branches": 0, "percent_branches_covered": 100.0, "percent_branches_covered_display": "100"}, "missing_lines": [], "excluded_lines": [], "start_line": 96, "executed_branches": [], "missing_branches": []}, "confluence_init_command": {"executed_lines": [126, 127, 136], "summary": {"covered_lines": 3, "num_statements": 3, "percent_covered": 100.0, "percent_covered_display": "100", "missing_lines": 0, "excluded_lines": 0, "percent_statements_covered": 100.0, "percent_statements_covered_display": "100", "num_branches": 0, "num_partial_branches": 0, "covered_branches": 0, "missing_branches": 0, "percent_branches_covered": 100.0, "percent_branches_covered_display": "100"}, "missing_lines": [], "excluded_lines": [], "start_line": 118, "executed_branches": [], "missing_branches": []}, "confluence_pull": {"executed_lines": [185, 186, 187, 194, 195, 196, 214], "summary": {"covered_lines": 7, "num_statements": 7, "percent_covered": 100.0, "percent_covered_display": "100", "missing_lines": 0, "excluded_lines": 0, "percent_statements_covered": 100.0, "percent_statements_covered_display": "100", "num_branches": 0, "num_partial_branches": 0, "covered_branches": 0, "missing_branches": 0, "percent_branches_covered": 100.0, "percent_branches_covered_display": "100"}, "missing_lines": [], "excluded_lines": [], "start_line": 140, "executed_branches": [], "missing_branches": []}, "confluence_page": {"executed_lines": [], "summary": {"covered_lines": 0, "num_statements": 5, "percent_covered": 0.0, "percent_covered_display": "0", "missing_lines": 5, "excluded_lines": 0, "percent_statements_covered": 0.0, "percent_statements_covered_display": "0", "num_branches": 0, "num_partial_branches": 0, "covered_branches": 0, "missing_branches": 0, "percent_branches_covered": 100.0, "percent_branches_covered_display": "100"}, "missing_lines": [233, 234, 235, 236, 246], "excluded_lines": [], "start_line": 218, "executed_branches": [], "missing_branches": []}, "confluence_comments": {"executed_lines": [], "summary": {"covered_lines": 0, "num_statements": 5, "percent_covered": 0.0, "percent_covered_display": "0", "missing_lines": 5, "excluded_lines": 0, "percent_statements_covered": 0.0, "percent_statements_covered_display": "0", "num_branches": 0, "num_partial_branches": 0, "covered_branches": 0, "missing_branches": 0, "percent_branches_covered": 100.0, "percent_branches_covered_display": "100"}, "missing_lines": [269, 270, 271, 272, 283], "excluded_lines": [], "start_line": 250, "executed_branches": [], "missing_branches": []}, "confluence_attachments": {"executed_lines": [], "summary": {"covered_lines": 0, "num_statements": 5, "percent_covered": 0.0, "percent_covered_display": "0", "missing_lines": 5, "excluded_lines": 0, "percent_statements_covered": 0.0, "percent_statements_covered_display": "0", "num_branches": 0, "num_partial_branches": 0, "covered_branches": 0, "missing_branches": 0, "percent_branches_covered": 100.0, "percent_branches_covered_display": "100"}, "missing_lines": [313, 314, 315, 316, 331], "excluded_lines": [], "start_line": 287, "executed_branches": [], "missing_branches": []}, "confluence_verify": {"executed_lines": [344, 345, 346, 347, 352], "summary": {"covered_lines": 5, "num_statements": 9, "percent_covered": 46.15384615384615, "percent_covered_display": "46", "missing_lines": 4, "excluded_lines": 0, "percent_statements_covered": 55.55555555555556, "percent_statements_covered_display": "56", "num_branches": 4, "num_partial_branches": 1, "covered_branches": 1, "missing_branches": 3, "percent_branches_covered": 25.0, "percent_branches_covered_display": "25"}, "missing_lines": [348, 349, 350, 351], "excluded_lines": [], "start_line": 335, "executed_branches": [[347, 352]], "missing_branches": [[347, 348], [349, 350], [349, 351]]}, "confluence_index": {"executed_lines": [365, 366, 367, 368], "summary": {"covered_lines": 4, "num_statements": 4, "percent_covered": 100.0, "percent_covered_display": "100", "missing_lines": 0, "excluded_lines": 0, "percent_statements_covered": 100.0, "percent_statements_covered_display": "100", "num_branches": 0, "num_partial_branches": 0, "covered_branches": 0, "missing_branches": 0, "percent_branches_covered": 100.0, "percent_branches_covered_display": "100"}, "missing_lines": [], "excluded_lines": [], "start_line": 356, "executed_branches": [], "missing_branches": []}, "confluence_clean": {"executed_lines": [385, 386, 387], "summary": {"covered_lines": 3, "num_statements": 4, "percent_covered": 75.0, "percent_covered_display": "75", "missing_lines": 1, "excluded_lines": 0, "percent_statements_covered": 75.0, "percent_statements_covered_display": "75", "num_branches": 0, "num_partial_branches": 0, "covered_branches": 0, "missing_branches": 0, "percent_branches_covered": 100.0, "percent_branches_covered_display": "100"}, "missing_lines": [388], "excluded_lines": [], "start_line": 372, "executed_branches": [], "missing_branches": []}, "pull": {"executed_lines": [433], "summary": {"covered_lines": 1, "num_statements": 7, "percent_covered": 14.285714285714286, "percent_covered_display": "14", "missing_lines": 6, "excluded_lines": 0, "percent_statements_covered": 14.285714285714286, "percent_statements_covered_display": "14", "num_branches": 0, "num_partial_branches": 0, "covered_branches": 0, "missing_branches": 0, "percent_branches_covered": 100.0, "percent_branches_covered_display": "100"}, "missing_lines": [434, 435, 436, 437, 438, 458], "excluded_lines": [], "start_line": 392, "executed_branches": [], "missing_branches": []}, "issue": {"executed_lines": [], "summary": {"covered_lines": 0, "num_statements": 5, "percent_covered": 0.0, "percent_covered_display": "0", "missing_lines": 5, "excluded_lines": 0, "percent_statements_covered": 0.0, "percent_statements_covered_display": "0", "num_branches": 0, "num_partial_branches": 0, "covered_branches": 0, "missing_branches": 0, "percent_branches_covered": 100.0, "percent_branches_covered_display": "100"}, "missing_lines": [491, 492, 493, 494, 509], "excluded_lines": [], "start_line": 462, "executed_branches": [], "missing_branches": []}, "comments": {"executed_lines": [], "summary": {"covered_lines": 0, "num_statements": 5, "percent_covered": 0.0, "percent_covered_display": "0", "missing_lines": 5, "excluded_lines": 0, "percent_statements_covered": 0.0, "percent_statements_covered_display": "0", "num_branches": 0, "num_partial_branches": 0, "covered_branches": 0, "missing_branches": 0, "percent_branches_covered": 100.0, "percent_branches_covered_display": "100"}, "missing_lines": [530, 531, 532, 533, 544], "excluded_lines": [], "start_line": 513, "executed_branches": [], "missing_branches": []}, "attachments": {"executed_lines": [], "summary": {"covered_lines": 0, "num_statements": 5, "percent_covered": 0.0, "percent_covered_display": "0", "missing_lines": 5, "excluded_lines": 0, "percent_statements_covered": 0.0, "percent_statements_covered_display": "0", "num_branches": 0, "num_partial_branches": 0, "covered_branches": 0, "missing_branches": 0, "percent_branches_covered": 100.0, "percent_branches_covered_display": "100"}, "missing_lines": [573, 574, 575, 576, 591], "excluded_lines": [], "start_line": 548, "executed_branches": [], "missing_branches": []}, "verify": {"executed_lines": [600, 601, 606], "summary": {"covered_lines": 3, "num_statements": 7, "percent_covered": 36.36363636363637, "percent_covered_display": "36", "missing_lines": 4, "excluded_lines": 0, "percent_statements_covered": 42.857142857142854, "percent_statements_covered_display": "43", "num_branches": 4, "num_partial_branches": 1, "covered_branches": 1, "missing_branches": 3, "percent_branches_covered": 25.0, "percent_branches_covered_display": "25"}, "missing_lines": [602, 603, 604, 605], "excluded_lines": [], "start_line": 595, "executed_branches": [[601, 606]], "missing_branches": [[601, 602], [603, 604], [603, 605]]}, "index": {"executed_lines": [615, 616], "summary": {"covered_lines": 2, "num_statements": 2, "percent_covered": 100.0, "percent_covered_display": "100", "missing_lines": 0, "excluded_lines": 0, "percent_statements_covered": 100.0, "percent_statements_covered_display": "100", "num_branches": 0, "num_partial_branches": 0, "covered_branches": 0, "missing_branches": 0, "percent_branches_covered": 100.0, "percent_branches_covered_display": "100"}, "missing_lines": [], "excluded_lines": [], "start_line": 610, "executed_branches": [], "missing_branches": []}, "clean": {"executed_lines": [629], "summary": {"covered_lines": 1, "num_statements": 2, "percent_covered": 50.0, "percent_covered_display": "50", "missing_lines": 1, "excluded_lines": 0, "percent_statements_covered": 50.0, "percent_statements_covered_display": "50", "num_branches": 0, "num_partial_branches": 0, "covered_branches": 0, "missing_branches": 0, "percent_branches_covered": 100.0, "percent_branches_covered_display": "100"}, "missing_lines": [630], "excluded_lines": [], "start_line": 620, "executed_branches": [], "missing_branches": []}, "_load_confluence_context": {"executed_lines": [634, 635, 636, 637, 639, 640, 641, 642, 644, 645, 649, 651], "summary": {"covered_lines": 12, "num_statements": 13, "percent_covered": 88.23529411764706, "percent_covered_display": "88", "missing_lines": 1, "excluded_lines": 0, "percent_statements_covered": 92.3076923076923, "percent_statements_covered_display": "92", "num_branches": 4, "num_partial_branches": 1, "covered_branches": 3, "missing_branches": 1, "percent_branches_covered": 75.0, "percent_branches_covered_display": "75"}, "missing_lines": [638], "excluded_lines": [], "start_line": 633, "executed_branches": [[637, 639], [644, 645], [644, 651]], "missing_branches": [[637, 638]]}, "_resolved_confluence_site": {"executed_lines": [655, 656, 660], "summary": {"covered_lines": 3, "num_statements": 4, "percent_covered": 66.66666666666667, "percent_covered_display": "67", "missing_lines": 1, "excluded_lines": 0, "percent_statements_covered": 75.0, "percent_statements_covered_display": "75", "num_branches": 2, "num_partial_branches": 1, "covered_branches": 1, "missing_branches": 1, "percent_branches_covered": 50.0, "percent_branches_covered_display": "50"}, "missing_lines": [657], "excluded_lines": [], "start_line": 654, "executed_branches": [[656, 660]], "missing_branches": [[656, 657]]}, "_confluence_site": {"executed_lines": [664], "summary": {"covered_lines": 1, "num_statements": 1, "percent_covered": 100.0, "percent_covered_display": "100", "missing_lines": 0, "excluded_lines": 0, "percent_statements_covered": 100.0, "percent_statements_covered_display": "100", "num_branches": 0, "num_partial_branches": 0, "covered_branches": 0, "missing_branches": 0, "percent_branches_covered": 100.0, "percent_branches_covered_display": "100"}, "missing_lines": [], "excluded_lines": [], "start_line": 663, "executed_branches": [], "missing_branches": []}, "_confluence_pull_scope": {"executed_lines": [680, 681, 687, 688, 693], "summary": {"covered_lines": 5, "num_statements": 7, "percent_covered": 66.66666666666667, "percent_covered_display": "67", "missing_lines": 2, "excluded_lines": 0, "percent_statements_covered": 71.42857142857143, "percent_statements_covered_display": "71", "num_branches": 2, "num_partial_branches": 1, "covered_branches": 1, "missing_branches": 1, "percent_branches_covered": 50.0, "percent_branches_covered_display": "50"}, "missing_lines": [689, 692], "excluded_lines": [], "start_line": 672, "executed_branches": [[688, 693]], "missing_branches": [[688, 689]]}, "_confluence_scope_kwargs": {"executed_lines": [697], "summary": {"covered_lines": 1, "num_statements": 1, "percent_covered": 100.0, "percent_covered_display": "100", "missing_lines": 0, "excluded_lines": 0, "percent_statements_covered": 100.0, "percent_statements_covered_display": "100", "num_branches": 0, "num_partial_branches": 0, "covered_branches": 0, "missing_branches": 0, "percent_branches_covered": 100.0, "percent_branches_covered_display": "100"}, "missing_lines": [], "excluded_lines": [], "start_line": 696, "executed_branches": [], "missing_branches": []}, "_load_jira_context": {"executed_lines": [706, 707, 708, 709, 711, 712, 713, 714, 716, 717, 720], "summary": {"covered_lines": 11, "num_statements": 13, "percent_covered": 76.47058823529412, "percent_covered_display": "76", "missing_lines": 2, "excluded_lines": 0, "percent_statements_covered": 84.61538461538461, "percent_statements_covered_display": "85", "num_branches": 4, "num_partial_branches": 2, "covered_branches": 2, "missing_branches": 2, "percent_branches_covered": 50.0, "percent_branches_covered_display": "50"}, "missing_lines": [710, 722], "excluded_lines": [], "start_line": 705, "executed_branches": [[709, 711], [716, 717]], "missing_branches": [[709, 710], [716, 722]]}, "_resolved_site": {"executed_lines": [], "summary": {"covered_lines": 0, "num_statements": 4, "percent_covered": 0.0, "percent_covered_display": "0", "missing_lines": 4, "excluded_lines": 0, "percent_statements_covered": 0.0, "percent_statements_covered_display": "0", "num_branches": 2, "num_partial_branches": 0, "covered_branches": 0, "missing_branches": 2, "percent_branches_covered": 0.0, "percent_branches_covered_display": "0"}, "missing_lines": [726, 727, 728, 729], "excluded_lines": [], "start_line": 725, "executed_branches": [], "missing_branches": [[727, 728], [727, 729]]}, "_attachment_options": {"executed_lines": [738], "summary": {"covered_lines": 1, "num_statements": 1, "percent_covered": 100.0, "percent_covered_display": "100", "missing_lines": 0, "excluded_lines": 0, "percent_statements_covered": 100.0, "percent_statements_covered_display": "100", "num_branches": 0, "num_partial_branches": 0, "covered_branches": 0, "missing_branches": 0, "percent_branches_covered": 100.0, "percent_branches_covered_display": "100"}, "missing_lines": [], "excluded_lines": [], "start_line": 732, "executed_branches": [], "missing_branches": []}, "_with_stable_exported_at": {"executed_lines": [746, 747], "summary": {"covered_lines": 2, "num_statements": 3, "percent_covered": 60.0, "percent_covered_display": "60", "missing_lines": 1, "excluded_lines": 0, "percent_statements_covered": 66.66666666666667, "percent_statements_covered_display": "67", "num_branches": 2, "num_partial_branches": 1, "covered_branches": 1, "missing_branches": 1, "percent_branches_covered": 50.0, "percent_branches_covered_display": "50"}, "missing_lines": [748], "excluded_lines": [], "start_line": 745, "executed_branches": [[746, 747]], "missing_branches": [[746, 748]]}, "_with_progress": {"executed_lines": [754, 760, 761], "summary": {"covered_lines": 3, "num_statements": 3, "percent_covered": 100.0, "percent_covered_display": "100", "missing_lines": 0, "excluded_lines": 0, "percent_statements_covered": 100.0, "percent_statements_covered_display": "100", "num_branches": 0, "num_partial_branches": 0, "covered_branches": 0, "missing_branches": 0, "percent_branches_covered": 100.0, "percent_branches_covered_display": "100"}, "missing_lines": [], "excluded_lines": [], "start_line": 753, "executed_branches": [], "missing_branches": []}, "_friendly_call": {"executed_lines": [765, 766, 767, 768, 769], "summary": {"covered_lines": 5, "num_statements": 5, "percent_covered": 100.0, "percent_covered_display": "100", "missing_lines": 0, "excluded_lines": 0, "percent_statements_covered": 100.0, "percent_statements_covered_display": "100", "num_branches": 0, "num_partial_branches": 0, "covered_branches": 0, "missing_branches": 0, "percent_branches_covered": 100.0, "percent_branches_covered_display": "100"}, "missing_lines": [], "excluded_lines": [], "start_line": 764, "executed_branches": [], "missing_branches": []}, "": {"executed_lines": [3, 5, 6, 7, 8, 9, 10, 12, 13, 14, 15, 16, 18, 19, 20, 21, 22, 23, 24, 25, 26, 27, 28, 29, 30, 31, 32, 33, 34, 35, 36, 37, 38, 39, 40, 41, 42, 43, 44, 45, 46, 48, 49, 54, 59, 60, 63, 67, 68, 81, 82, 95, 96, 117, 118, 139, 140, 217, 218, 249, 250, 286, 287, 334, 335, 355, 356, 371, 372, 391, 392, 461, 462, 512, 513, 547, 548, 594, 595, 609, 610, 619, 620, 633, 654, 663, 672, 696, 705, 725, 732, 745, 753, 764], "summary": {"covered_lines": 94, "num_statements": 94, "percent_covered": 100.0, "percent_covered_display": "100", "missing_lines": 0, "excluded_lines": 0, "percent_statements_covered": 100.0, "percent_statements_covered_display": "100", "num_branches": 0, "num_partial_branches": 0, "covered_branches": 0, "missing_branches": 0, "percent_branches_covered": 100.0, "percent_branches_covered_display": "100"}, "missing_lines": [], "excluded_lines": [], "start_line": 1, "executed_branches": [], "missing_branches": []}}, "classes": {"": {"executed_lines": [3, 5, 6, 7, 8, 9, 10, 12, 13, 14, 15, 16, 18, 19, 20, 21, 22, 23, 24, 25, 26, 27, 28, 29, 30, 31, 32, 33, 34, 35, 36, 37, 38, 39, 40, 41, 42, 43, 44, 45, 46, 48, 49, 54, 59, 60, 63, 67, 68, 78, 81, 82, 92, 95, 96, 104, 105, 114, 117, 118, 126, 127, 136, 139, 140, 185, 186, 187, 194, 195, 196, 214, 217, 218, 249, 250, 286, 287, 334, 335, 344, 345, 346, 347, 352, 355, 356, 365, 366, 367, 368, 371, 372, 385, 386, 387, 391, 392, 433, 461, 462, 512, 513, 547, 548, 594, 595, 600, 601, 606, 609, 610, 615, 616, 619, 620, 629, 633, 634, 635, 636, 637, 639, 640, 641, 642, 644, 645, 649, 651, 654, 655, 656, 660, 663, 664, 672, 680, 681, 687, 688, 693, 696, 697, 705, 706, 707, 708, 709, 711, 712, 713, 714, 716, 717, 720, 725, 732, 738, 745, 746, 747, 753, 754, 760, 761, 764, 765, 766, 767, 768, 769], "summary": {"covered_lines": 172, "num_statements": 230, "percent_covered": 71.65354330708661, "percent_covered_display": "72", "missing_lines": 58, "excluded_lines": 0, "percent_statements_covered": 74.78260869565217, "percent_statements_covered_display": "75", "num_branches": 24, "num_partial_branches": 8, "covered_branches": 10, "missing_branches": 14, "percent_branches_covered": 41.666666666666664, "percent_branches_covered_display": "42"}, "missing_lines": [64, 233, 234, 235, 236, 246, 269, 270, 271, 272, 283, 313, 314, 315, 316, 331, 348, 349, 350, 351, 388, 434, 435, 436, 437, 438, 458, 491, 492, 493, 494, 509, 530, 531, 532, 533, 544, 573, 574, 575, 576, 591, 602, 603, 604, 605, 630, 638, 657, 689, 692, 710, 722, 726, 727, 728, 729, 748], "excluded_lines": [], "start_line": 1, "executed_branches": [[347, 352], [601, 606], [637, 639], [644, 645], [644, 651], [656, 660], [688, 693], [709, 711], [716, 717], [746, 747]], "missing_branches": [[347, 348], [349, 350], [349, 351], [601, 602], [603, 604], [603, 605], [637, 638], [656, 657], [688, 689], [709, 710], [716, 722], [727, 728], [727, 729], [746, 748]]}}}, "src/atlassian_md_export/client.py": {"executed_lines": [3, 5, 6, 7, 8, 9, 10, 11, 12, 13, 14, 15, 16, 17, 18, 20, 21, 23, 26, 29, 30, 31, 34, 38, 42, 45, 46, 47, 50, 54, 55, 56, 58, 59, 60, 61, 62, 63, 67, 68, 69, 72, 73, 74, 75, 76, 77, 80, 81, 84, 85, 86, 87, 88, 89, 90, 92, 93, 101, 111, 112, 114, 124, 125, 126, 127, 135, 136, 137, 141, 142, 151, 152, 153, 155, 156, 157, 162, 163, 167, 168, 174, 182, 183, 184, 185, 193, 199, 200, 201, 205, 216, 226, 227, 234, 235, 236, 237, 238, 239, 241, 242, 243, 244, 248, 249, 250, 263, 264, 265, 266, 270, 271, 272, 274, 281, 282, 283, 289, 290, 291, 292, 293, 294, 295, 296, 297, 298, 299, 300, 303, 304, 305, 306, 307, 308, 312, 322, 330, 341, 342, 343, 344, 345, 346], "summary": {"covered_lines": 145, "num_statements": 180, "percent_covered": 76.4957264957265, "percent_covered_display": "76", "missing_lines": 35, "excluded_lines": 0, "percent_statements_covered": 80.55555555555556, "percent_statements_covered_display": "81", "num_branches": 54, "num_partial_branches": 14, "covered_branches": 34, "missing_branches": 20, "percent_branches_covered": 62.96296296296296, "percent_branches_covered_display": "63"}, "missing_lines": [64, 143, 144, 164, 170, 194, 195, 212, 213, 214, 217, 218, 229, 245, 251, 252, 254, 255, 256, 257, 258, 259, 260, 267, 273, 284, 285, 286, 309, 313, 314, 315, 316, 317, 319], "excluded_lines": [], "executed_branches": [[62, 63], [125, 126], [135, 136], [135, 141], [141, 142], [141, 155], [142, 151], [155, 156], [155, 162], [163, 167], [183, 184], [193, 199], [199, 200], [199, 216], [200, 201], [216, 226], [236, 237], [236, 241], [238, 239], [243, 244], [265, 266], [272, 274], [291, 292], [291, 295], [293, 291], [293, 294], [296, 297], [296, 298], [298, 299], [298, 300], [305, 306], [307, 308], [343, 344], [343, 345]], "missing_branches": [[62, 64], [125, 170], [142, 143], [163, 164], [183, 229], [193, 194], [200, 212], [216, 217], [238, 241], [243, 245], [258, 259], [258, 260], [265, 267], [272, 273], [305, 309], [307, 309], [314, 315], [314, 319], [316, 317], [316, 319]], "functions": {"MissingCredentialsError.__init__": {"executed_lines": [30, 31], "summary": {"covered_lines": 2, "num_statements": 2, "percent_covered": 100.0, "percent_covered_display": "100", "missing_lines": 0, "excluded_lines": 0, "percent_statements_covered": 100.0, "percent_statements_covered_display": "100", "num_branches": 0, "num_partial_branches": 0, "covered_branches": 0, "missing_branches": 0, "percent_branches_covered": 100.0, "percent_branches_covered_display": "100"}, "missing_lines": [], "excluded_lines": [], "start_line": 29, "executed_branches": [], "missing_branches": []}, "AtlassianHttpError.__init__": {"executed_lines": [46, 47], "summary": {"covered_lines": 2, "num_statements": 2, "percent_covered": 100.0, "percent_covered_display": "100", "missing_lines": 0, "excluded_lines": 0, "percent_statements_covered": 100.0, "percent_statements_covered_display": "100", "num_branches": 0, "num_partial_branches": 0, "covered_branches": 0, "missing_branches": 0, "percent_branches_covered": 100.0, "percent_branches_covered_display": "100"}, "missing_lines": [], "excluded_lines": [], "start_line": 45, "executed_branches": [], "missing_branches": []}, "JiraCredentials.from_environment": {"executed_lines": [60, 61, 62, 63], "summary": {"covered_lines": 4, "num_statements": 5, "percent_covered": 71.42857142857143, "percent_covered_display": "71", "missing_lines": 1, "excluded_lines": 0, "percent_statements_covered": 80.0, "percent_statements_covered_display": "80", "num_branches": 2, "num_partial_branches": 1, "covered_branches": 1, "missing_branches": 1, "percent_branches_covered": 50.0, "percent_branches_covered_display": "50"}, "missing_lines": [64], "excluded_lines": [], "start_line": 59, "executed_branches": [[62, 63]], "missing_branches": [[62, 64]]}, "AtlassianHttpClient.build_client": {"executed_lines": [93], "summary": {"covered_lines": 1, "num_statements": 1, "percent_covered": 100.0, "percent_covered_display": "100", "missing_lines": 0, "excluded_lines": 0, "percent_statements_covered": 100.0, "percent_statements_covered_display": "100", "num_branches": 0, "num_partial_branches": 0, "covered_branches": 0, "missing_branches": 0, "percent_branches_covered": 100.0, "percent_branches_covered_display": "100"}, "missing_lines": [], "excluded_lines": [], "start_line": 92, "executed_branches": [], "missing_branches": []}, "AtlassianHttpClient.request_json": {"executed_lines": [111, 112], "summary": {"covered_lines": 2, "num_statements": 2, "percent_covered": 100.0, "percent_covered_display": "100", "missing_lines": 0, "excluded_lines": 0, "percent_statements_covered": 100.0, "percent_statements_covered_display": "100", "num_branches": 0, "num_partial_branches": 0, "covered_branches": 0, "missing_branches": 0, "percent_branches_covered": 100.0, "percent_branches_covered_display": "100"}, "missing_lines": [], "excluded_lines": [], "start_line": 101, "executed_branches": [], "missing_branches": []}, "AtlassianHttpClient.request_json_response": {"executed_lines": [124, 125, 126, 127, 135, 136, 137, 141, 142, 151, 152, 153, 155, 156, 157, 162, 163, 167, 168], "summary": {"covered_lines": 19, "num_statements": 23, "percent_covered": 80.0, "percent_covered_display": "80", "missing_lines": 4, "excluded_lines": 0, "percent_statements_covered": 82.6086956521739, "percent_statements_covered_display": "83", "num_branches": 12, "num_partial_branches": 3, "covered_branches": 9, "missing_branches": 3, "percent_branches_covered": 75.0, "percent_branches_covered_display": "75"}, "missing_lines": [143, 144, 164, 170], "excluded_lines": [], "start_line": 114, "executed_branches": [[125, 126], [135, 136], [135, 141], [141, 142], [141, 155], [142, 151], [155, 156], [155, 162], [163, 167]], "missing_branches": [[125, 170], [142, 143], [163, 164]]}, "AtlassianHttpClient.request_bytes": {"executed_lines": [182, 183, 184, 185, 193, 199, 200, 201, 205, 216, 226, 227], "summary": {"covered_lines": 12, "num_statements": 20, "percent_covered": 60.0, "percent_covered_display": "60", "missing_lines": 8, "excluded_lines": 0, "percent_statements_covered": 60.0, "percent_statements_covered_display": "60", "num_branches": 10, "num_partial_branches": 4, "covered_branches": 6, "missing_branches": 4, "percent_branches_covered": 60.0, "percent_branches_covered_display": "60"}, "missing_lines": [194, 195, 212, 213, 214, 217, 218, 229], "excluded_lines": [], "start_line": 174, "executed_branches": [[183, 184], [193, 199], [199, 200], [199, 216], [200, 201], [216, 226]], "missing_branches": [[183, 229], [193, 194], [200, 212], [216, 217]]}, "_retry_delay": {"executed_lines": [235, 236, 237, 238, 239, 241, 242, 243, 244], "summary": {"covered_lines": 9, "num_statements": 10, "percent_covered": 81.25, "percent_covered_display": "81", "missing_lines": 1, "excluded_lines": 0, "percent_statements_covered": 90.0, "percent_statements_covered_display": "90", "num_branches": 6, "num_partial_branches": 2, "covered_branches": 4, "missing_branches": 2, "percent_branches_covered": 66.66666666666667, "percent_branches_covered_display": "67"}, "missing_lines": [245], "excluded_lines": [], "start_line": 234, "executed_branches": [[236, 237], [236, 241], [238, 239], [243, 244]], "missing_branches": [[238, 241], [243, 245]]}, "_parse_retry_after": {"executed_lines": [249, 250], "summary": {"covered_lines": 2, "num_statements": 11, "percent_covered": 15.384615384615385, "percent_covered_display": "15", "missing_lines": 9, "excluded_lines": 0, "percent_statements_covered": 18.181818181818183, "percent_statements_covered_display": "18", "num_branches": 2, "num_partial_branches": 0, "covered_branches": 0, "missing_branches": 2, "percent_branches_covered": 0.0, "percent_branches_covered_display": "0"}, "missing_lines": [251, 252, 254, 255, 256, 257, 258, 259, 260], "excluded_lines": [], "start_line": 248, "executed_branches": [], "missing_branches": [[258, 259], [258, 260]]}, "_http_error_message": {"executed_lines": [264, 265, 266], "summary": {"covered_lines": 3, "num_statements": 4, "percent_covered": 66.66666666666667, "percent_covered_display": "67", "missing_lines": 1, "excluded_lines": 0, "percent_statements_covered": 75.0, "percent_statements_covered_display": "75", "num_branches": 2, "num_partial_branches": 1, "covered_branches": 1, "missing_branches": 1, "percent_branches_covered": 50.0, "percent_branches_covered_display": "50"}, "missing_lines": [267], "excluded_lines": [], "start_line": 263, "executed_branches": [[265, 266]], "missing_branches": [[265, 267]]}, "_atlassian_error_detail": {"executed_lines": [271, 272, 274], "summary": {"covered_lines": 3, "num_statements": 4, "percent_covered": 66.66666666666667, "percent_covered_display": "67", "missing_lines": 1, "excluded_lines": 0, "percent_statements_covered": 75.0, "percent_statements_covered_display": "75", "num_branches": 2, "num_partial_branches": 1, "covered_branches": 1, "missing_branches": 1, "percent_branches_covered": 50.0, "percent_branches_covered_display": "50"}, "missing_lines": [273], "excluded_lines": [], "start_line": 270, "executed_branches": [[272, 274]], "missing_branches": [[272, 273]]}, "_response_json_or_text": {"executed_lines": [282, 283], "summary": {"covered_lines": 2, "num_statements": 5, "percent_covered": 40.0, "percent_covered_display": "40", "missing_lines": 3, "excluded_lines": 0, "percent_statements_covered": 40.0, "percent_statements_covered_display": "40", "num_branches": 0, "num_partial_branches": 0, "covered_branches": 0, "missing_branches": 0, "percent_branches_covered": 100.0, "percent_branches_covered_display": "100"}, "missing_lines": [284, 285, 286], "excluded_lines": [], "start_line": 281, "executed_branches": [], "missing_branches": []}, "_atlassian_scalar_error_detail": {"executed_lines": [290, 291, 292, 293, 294, 295, 296, 297, 298, 299, 300], "summary": {"covered_lines": 11, "num_statements": 11, "percent_covered": 100.0, "percent_covered_display": "100", "missing_lines": 0, "excluded_lines": 0, "percent_statements_covered": 100.0, "percent_statements_covered_display": "100", "num_branches": 8, "num_partial_branches": 0, "covered_branches": 8, "missing_branches": 0, "percent_branches_covered": 100.0, "percent_branches_covered_display": "100"}, "missing_lines": [], "excluded_lines": [], "start_line": 289, "executed_branches": [[291, 292], [291, 295], [293, 291], [293, 294], [296, 297], [296, 298], [298, 299], [298, 300]], "missing_branches": []}, "_atlassian_message_list_detail": {"executed_lines": [304, 305, 306, 307, 308], "summary": {"covered_lines": 5, "num_statements": 6, "percent_covered": 70.0, "percent_covered_display": "70", "missing_lines": 1, "excluded_lines": 0, "percent_statements_covered": 83.33333333333333, "percent_statements_covered_display": "83", "num_branches": 4, "num_partial_branches": 2, "covered_branches": 2, "missing_branches": 2, "percent_branches_covered": 50.0, "percent_branches_covered_display": "50"}, "missing_lines": [309], "excluded_lines": [], "start_line": 303, "executed_branches": [[305, 306], [307, 308]], "missing_branches": [[305, 309], [307, 309]]}, "_atlassian_error_map_detail": {"executed_lines": [], "summary": {"covered_lines": 0, "num_statements": 6, "percent_covered": 0.0, "percent_covered_display": "0", "missing_lines": 6, "excluded_lines": 0, "percent_statements_covered": 0.0, "percent_statements_covered_display": "0", "num_branches": 4, "num_partial_branches": 0, "covered_branches": 0, "missing_branches": 4, "percent_branches_covered": 0.0, "percent_branches_covered_display": "0"}, "missing_lines": [313, 314, 315, 316, 317, 319], "excluded_lines": [], "start_line": 312, "executed_branches": [], "missing_branches": [[314, 315], [314, 319], [316, 317], [316, 319]]}, "_http_log_context": {"executed_lines": [330], "summary": {"covered_lines": 1, "num_statements": 1, "percent_covered": 100.0, "percent_covered_display": "100", "missing_lines": 0, "excluded_lines": 0, "percent_statements_covered": 100.0, "percent_statements_covered_display": "100", "num_branches": 0, "num_partial_branches": 0, "covered_branches": 0, "missing_branches": 0, "percent_branches_covered": 100.0, "percent_branches_covered_display": "100"}, "missing_lines": [], "excluded_lines": [], "start_line": 322, "executed_branches": [], "missing_branches": []}, "_safe_request_path": {"executed_lines": [342, 343, 344, 345, 346], "summary": {"covered_lines": 5, "num_statements": 5, "percent_covered": 100.0, "percent_covered_display": "100", "missing_lines": 0, "excluded_lines": 0, "percent_statements_covered": 100.0, "percent_statements_covered_display": "100", "num_branches": 2, "num_partial_branches": 0, "covered_branches": 2, "missing_branches": 0, "percent_branches_covered": 100.0, "percent_branches_covered_display": "100"}, "missing_lines": [], "excluded_lines": [], "start_line": 341, "executed_branches": [[343, 344], [343, 345]], "missing_branches": []}, "": {"executed_lines": [3, 5, 6, 7, 8, 9, 10, 11, 12, 13, 14, 15, 16, 17, 18, 20, 21, 23, 26, 29, 34, 38, 42, 45, 50, 54, 55, 56, 58, 59, 67, 68, 69, 72, 73, 74, 75, 76, 77, 80, 81, 84, 85, 86, 87, 88, 89, 90, 92, 101, 114, 174, 234, 248, 263, 270, 281, 289, 303, 312, 322, 341], "summary": {"covered_lines": 62, "num_statements": 62, "percent_covered": 100.0, "percent_covered_display": "100", "missing_lines": 0, "excluded_lines": 0, "percent_statements_covered": 100.0, "percent_statements_covered_display": "100", "num_branches": 0, "num_partial_branches": 0, "covered_branches": 0, "missing_branches": 0, "percent_branches_covered": 100.0, "percent_branches_covered_display": "100"}, "missing_lines": [], "excluded_lines": [], "start_line": 1, "executed_branches": [], "missing_branches": []}}, "classes": {"MissingCredentialsError": {"executed_lines": [30, 31], "summary": {"covered_lines": 2, "num_statements": 2, "percent_covered": 100.0, "percent_covered_display": "100", "missing_lines": 0, "excluded_lines": 0, "percent_statements_covered": 100.0, "percent_statements_covered_display": "100", "num_branches": 0, "num_partial_branches": 0, "covered_branches": 0, "missing_branches": 0, "percent_branches_covered": 100.0, "percent_branches_covered_display": "100"}, "missing_lines": [], "excluded_lines": [], "start_line": 26, "executed_branches": [], "missing_branches": []}, "AtlassianClientError": {"executed_lines": [], "summary": {"covered_lines": 0, "num_statements": 0, "percent_covered": 100.0, "percent_covered_display": "100", "missing_lines": 0, "excluded_lines": 0, "percent_statements_covered": 100.0, "percent_statements_covered_display": "100", "num_branches": 0, "num_partial_branches": 0, "covered_branches": 0, "missing_branches": 0, "percent_branches_covered": 100.0, "percent_branches_covered_display": "100"}, "missing_lines": [], "excluded_lines": [], "start_line": 34, "executed_branches": [], "missing_branches": []}, "AtlassianAuthenticationError": {"executed_lines": [], "summary": {"covered_lines": 0, "num_statements": 0, "percent_covered": 100.0, "percent_covered_display": "100", "missing_lines": 0, "excluded_lines": 0, "percent_statements_covered": 100.0, "percent_statements_covered_display": "100", "num_branches": 0, "num_partial_branches": 0, "covered_branches": 0, "missing_branches": 0, "percent_branches_covered": 100.0, "percent_branches_covered_display": "100"}, "missing_lines": [], "excluded_lines": [], "start_line": 38, "executed_branches": [], "missing_branches": []}, "AtlassianHttpError": {"executed_lines": [46, 47], "summary": {"covered_lines": 2, "num_statements": 2, "percent_covered": 100.0, "percent_covered_display": "100", "missing_lines": 0, "excluded_lines": 0, "percent_statements_covered": 100.0, "percent_statements_covered_display": "100", "num_branches": 0, "num_partial_branches": 0, "covered_branches": 0, "missing_branches": 0, "percent_branches_covered": 100.0, "percent_branches_covered_display": "100"}, "missing_lines": [], "excluded_lines": [], "start_line": 42, "executed_branches": [], "missing_branches": []}, "AtlassianRetryError": {"executed_lines": [], "summary": {"covered_lines": 0, "num_statements": 0, "percent_covered": 100.0, "percent_covered_display": "100", "missing_lines": 0, "excluded_lines": 0, "percent_statements_covered": 100.0, "percent_statements_covered_display": "100", "num_branches": 0, "num_partial_branches": 0, "covered_branches": 0, "missing_branches": 0, "percent_branches_covered": 100.0, "percent_branches_covered_display": "100"}, "missing_lines": [], "excluded_lines": [], "start_line": 50, "executed_branches": [], "missing_branches": []}, "JiraCredentials": {"executed_lines": [60, 61, 62, 63], "summary": {"covered_lines": 4, "num_statements": 5, "percent_covered": 71.42857142857143, "percent_covered_display": "71", "missing_lines": 1, "excluded_lines": 0, "percent_statements_covered": 80.0, "percent_statements_covered_display": "80", "num_branches": 2, "num_partial_branches": 1, "covered_branches": 1, "missing_branches": 1, "percent_branches_covered": 50.0, "percent_branches_covered_display": "50"}, "missing_lines": [64], "excluded_lines": [], "start_line": 54, "executed_branches": [[62, 63]], "missing_branches": [[62, 64]]}, "AtlassianCredentials": {"executed_lines": [], "summary": {"covered_lines": 0, "num_statements": 0, "percent_covered": 100.0, "percent_covered_display": "100", "missing_lines": 0, "excluded_lines": 0, "percent_statements_covered": 100.0, "percent_statements_covered_display": "100", "num_branches": 0, "num_partial_branches": 0, "covered_branches": 0, "missing_branches": 0, "percent_branches_covered": 100.0, "percent_branches_covered_display": "100"}, "missing_lines": [], "excluded_lines": [], "start_line": 67, "executed_branches": [], "missing_branches": []}, "RetryConfig": {"executed_lines": [], "summary": {"covered_lines": 0, "num_statements": 0, "percent_covered": 100.0, "percent_covered_display": "100", "missing_lines": 0, "excluded_lines": 0, "percent_statements_covered": 100.0, "percent_statements_covered_display": "100", "num_branches": 0, "num_partial_branches": 0, "covered_branches": 0, "missing_branches": 0, "percent_branches_covered": 100.0, "percent_branches_covered_display": "100"}, "missing_lines": [], "excluded_lines": [], "start_line": 73, "executed_branches": [], "missing_branches": []}, "AtlassianHttpClient": {"executed_lines": [93, 111, 112, 124, 125, 126, 127, 135, 136, 137, 141, 142, 151, 152, 153, 155, 156, 157, 162, 163, 167, 168, 182, 183, 184, 185, 193, 199, 200, 201, 205, 216, 226, 227], "summary": {"covered_lines": 34, "num_statements": 46, "percent_covered": 72.05882352941177, "percent_covered_display": "72", "missing_lines": 12, "excluded_lines": 0, "percent_statements_covered": 73.91304347826087, "percent_statements_covered_display": "74", "num_branches": 22, "num_partial_branches": 7, "covered_branches": 15, "missing_branches": 7, "percent_branches_covered": 68.18181818181819, "percent_branches_covered_display": "68"}, "missing_lines": [143, 144, 164, 170, 194, 195, 212, 213, 214, 217, 218, 229], "excluded_lines": [], "start_line": 81, "executed_branches": [[125, 126], [135, 136], [135, 141], [141, 142], [141, 155], [142, 151], [155, 156], [155, 162], [163, 167], [183, 184], [193, 199], [199, 200], [199, 216], [200, 201], [216, 226]], "missing_branches": [[125, 170], [142, 143], [163, 164], [183, 229], [193, 194], [200, 212], [216, 217]]}, "": {"executed_lines": [3, 5, 6, 7, 8, 9, 10, 11, 12, 13, 14, 15, 16, 17, 18, 20, 21, 23, 26, 29, 34, 38, 42, 45, 50, 54, 55, 56, 58, 59, 67, 68, 69, 72, 73, 74, 75, 76, 77, 80, 81, 84, 85, 86, 87, 88, 89, 90, 92, 101, 114, 174, 234, 235, 236, 237, 238, 239, 241, 242, 243, 244, 248, 249, 250, 263, 264, 265, 266, 270, 271, 272, 274, 281, 282, 283, 289, 290, 291, 292, 293, 294, 295, 296, 297, 298, 299, 300, 303, 304, 305, 306, 307, 308, 312, 322, 330, 341, 342, 343, 344, 345, 346], "summary": {"covered_lines": 103, "num_statements": 125, "percent_covered": 78.06451612903226, "percent_covered_display": "78", "missing_lines": 22, "excluded_lines": 0, "percent_statements_covered": 82.4, "percent_statements_covered_display": "82", "num_branches": 30, "num_partial_branches": 6, "covered_branches": 18, "missing_branches": 12, "percent_branches_covered": 60.0, "percent_branches_covered_display": "60"}, "missing_lines": [245, 251, 252, 254, 255, 256, 257, 258, 259, 260, 267, 273, 284, 285, 286, 309, 313, 314, 315, 316, 317, 319], "excluded_lines": [], "start_line": 1, "executed_branches": [[236, 237], [236, 241], [238, 239], [243, 244], [265, 266], [272, 274], [291, 292], [291, 295], [293, 291], [293, 294], [296, 297], [296, 298], [298, 299], [298, 300], [305, 306], [307, 308], [343, 344], [343, 345]], "missing_branches": [[238, 241], [243, 245], [258, 259], [258, 260], [265, 267], [272, 273], [305, 309], [307, 309], [314, 315], [314, 319], [316, 317], [316, 319]]}}}, "src/atlassian_md_export/config.py": {"executed_lines": [3, 5, 6, 7, 8, 10, 11, 13, 18, 23, 24, 49, 50, 53, 54, 55, 56, 59, 60, 61, 64, 65, 66, 67, 68, 71, 72, 74, 75, 76, 77, 78, 79, 80, 81, 82, 85, 88, 89, 90, 93, 94, 95, 97, 98, 102, 103, 104, 105, 106, 107, 108, 109, 110, 111, 112, 113, 114, 117, 124, 125, 126, 128, 129, 131, 134, 137, 140, 143, 146, 147, 148, 150, 151, 152, 153, 155, 156, 157, 158, 159, 162, 163, 165, 166, 167, 168, 169, 172, 173, 174, 176, 178, 181, 182, 183, 186, 187, 190, 191, 193, 194, 197, 199], "summary": {"covered_lines": 104, "num_statements": 115, "percent_covered": 86.09271523178808, "percent_covered_display": "86", "missing_lines": 11, "excluded_lines": 0, "percent_statements_covered": 90.43478260869566, "percent_statements_covered_display": "90", "num_branches": 36, "num_partial_branches": 10, "covered_branches": 26, "missing_branches": 10, "percent_branches_covered": 72.22222222222223, "percent_branches_covered_display": "72"}, "missing_lines": [132, 154, 164, 175, 177, 179, 184, 192, 195, 196, 198], "excluded_lines": [], "executed_branches": [[106, 107], [106, 108], [108, 109], [108, 110], [110, 111], [110, 112], [125, 126], [125, 128], [131, 134], [147, 148], [147, 150], [151, 152], [151, 159], [153, 155], [156, 157], [163, 165], [165, 166], [165, 169], [167, 165], [167, 168], [174, 176], [176, 178], [178, 181], [183, 186], [191, 193], [197, 199]], "missing_branches": [[131, 132], [153, 154], [156, 151], [163, 164], [174, 175], [176, 177], [178, 179], [183, 184], [191, 192], [197, 198]], "functions": {"MissingConfluenceCredentialsError.__init__": {"executed_lines": [89, 90], "summary": {"covered_lines": 2, "num_statements": 2, "percent_covered": 100.0, "percent_covered_display": "100", "missing_lines": 0, "excluded_lines": 0, "percent_statements_covered": 100.0, "percent_statements_covered_display": "100", "num_branches": 0, "num_partial_branches": 0, "covered_branches": 0, "missing_branches": 0, "percent_branches_covered": 100.0, "percent_branches_covered_display": "100"}, "missing_lines": [], "excluded_lines": [], "start_line": 88, "executed_branches": [], "missing_branches": []}, "ConfluenceCredentials.from_environment": {"executed_lines": [102, 103, 104, 105, 106, 107, 108, 109, 110, 111, 112, 113, 114], "summary": {"covered_lines": 13, "num_statements": 13, "percent_covered": 100.0, "percent_covered_display": "100", "missing_lines": 0, "excluded_lines": 0, "percent_statements_covered": 100.0, "percent_statements_covered_display": "100", "num_branches": 6, "num_partial_branches": 0, "covered_branches": 6, "missing_branches": 0, "percent_branches_covered": 100.0, "percent_branches_covered_display": "100"}, "missing_lines": [], "excluded_lines": [], "start_line": 98, "executed_branches": [[106, 107], [106, 108], [108, 109], [108, 110], [110, 111], [110, 112]], "missing_branches": []}, "load_config": {"executed_lines": [124, 125, 126, 128, 129, 131, 134], "summary": {"covered_lines": 7, "num_statements": 8, "percent_covered": 83.33333333333333, "percent_covered_display": "83", "missing_lines": 1, "excluded_lines": 0, "percent_statements_covered": 87.5, "percent_statements_covered_display": "88", "num_branches": 4, "num_partial_branches": 1, "covered_branches": 3, "missing_branches": 1, "percent_branches_covered": 75.0, "percent_branches_covered_display": "75"}, "missing_lines": [132], "excluded_lines": [], "start_line": 117, "executed_branches": [[125, 126], [125, 128], [131, 134]], "missing_branches": [[131, 132]]}, "load_confluence_config": {"executed_lines": [140], "summary": {"covered_lines": 1, "num_statements": 1, "percent_covered": 100.0, "percent_covered_display": "100", "missing_lines": 0, "excluded_lines": 0, "percent_statements_covered": 100.0, "percent_statements_covered_display": "100", "num_branches": 0, "num_partial_branches": 0, "covered_branches": 0, "missing_branches": 0, "percent_branches_covered": 100.0, "percent_branches_covered_display": "100"}, "missing_lines": [], "excluded_lines": [], "start_line": 137, "executed_branches": [], "missing_branches": []}, "load_dotenv": {"executed_lines": [146, 147, 148, 150, 151, 152, 153, 155, 156, 157, 158, 159], "summary": {"covered_lines": 12, "num_statements": 13, "percent_covered": 85.71428571428571, "percent_covered_display": "86", "missing_lines": 1, "excluded_lines": 0, "percent_statements_covered": 92.3076923076923, "percent_statements_covered_display": "92", "num_branches": 8, "num_partial_branches": 2, "covered_branches": 6, "missing_branches": 2, "percent_branches_covered": 75.0, "percent_branches_covered_display": "75"}, "missing_lines": [154], "excluded_lines": [], "start_line": 143, "executed_branches": [[147, 148], [147, 150], [151, 152], [151, 159], [153, 155], [156, 157]], "missing_branches": [[153, 154], [156, 151]]}, "_find_config_path": {"executed_lines": [163, 165, 166, 167, 168, 169], "summary": {"covered_lines": 6, "num_statements": 7, "percent_covered": 84.61538461538461, "percent_covered_display": "85", "missing_lines": 1, "excluded_lines": 0, "percent_statements_covered": 85.71428571428571, "percent_statements_covered_display": "86", "num_branches": 6, "num_partial_branches": 1, "covered_branches": 5, "missing_branches": 1, "percent_branches_covered": 83.33333333333333, "percent_branches_covered_display": "83"}, "missing_lines": [164], "excluded_lines": [], "start_line": 162, "executed_branches": [[163, 165], [165, 166], [165, 169], [167, 165], [167, 168]], "missing_branches": [[163, 164]]}, "_parse_dotenv_line": {"executed_lines": [173, 174, 176, 178, 181, 182, 183, 186, 187], "summary": {"covered_lines": 9, "num_statements": 13, "percent_covered": 61.904761904761905, "percent_covered_display": "62", "missing_lines": 4, "excluded_lines": 0, "percent_statements_covered": 69.23076923076923, "percent_statements_covered_display": "69", "num_branches": 8, "num_partial_branches": 4, "covered_branches": 4, "missing_branches": 4, "percent_branches_covered": 50.0, "percent_branches_covered_display": "50"}, "missing_lines": [175, 177, 179, 184], "excluded_lines": [], "start_line": 172, "executed_branches": [[174, 176], [176, 178], [178, 181], [183, 186]], "missing_branches": [[174, 175], [176, 177], [178, 179], [183, 184]]}, "_parse_dotenv_value": {"executed_lines": [191, 193, 194, 197, 199], "summary": {"covered_lines": 5, "num_statements": 9, "percent_covered": 53.84615384615385, "percent_covered_display": "54", "missing_lines": 4, "excluded_lines": 0, "percent_statements_covered": 55.55555555555556, "percent_statements_covered_display": "56", "num_branches": 4, "num_partial_branches": 2, "covered_branches": 2, "missing_branches": 2, "percent_branches_covered": 50.0, "percent_branches_covered_display": "50"}, "missing_lines": [192, 195, 196, 198], "excluded_lines": [], "start_line": 190, "executed_branches": [[191, 193], [197, 199]], "missing_branches": [[191, 192], [197, 198]]}, "": {"executed_lines": [3, 5, 6, 7, 8, 10, 11, 13, 18, 23, 24, 49, 50, 53, 54, 55, 56, 59, 60, 61, 64, 65, 66, 67, 68, 71, 72, 74, 75, 76, 77, 78, 79, 80, 81, 82, 85, 88, 93, 94, 95, 97, 98, 117, 137, 143, 162, 172, 190], "summary": {"covered_lines": 49, "num_statements": 49, "percent_covered": 100.0, "percent_covered_display": "100", "missing_lines": 0, "excluded_lines": 0, "percent_statements_covered": 100.0, "percent_statements_covered_display": "100", "num_branches": 0, "num_partial_branches": 0, "covered_branches": 0, "missing_branches": 0, "percent_branches_covered": 100.0, "percent_branches_covered_display": "100"}, "missing_lines": [], "excluded_lines": [], "start_line": 1, "executed_branches": [], "missing_branches": []}}, "classes": {"FieldsConfig": {"executed_lines": [], "summary": {"covered_lines": 0, "num_statements": 0, "percent_covered": 100.0, "percent_covered_display": "100", "missing_lines": 0, "excluded_lines": 0, "percent_statements_covered": 100.0, "percent_statements_covered_display": "100", "num_branches": 0, "num_partial_branches": 0, "covered_branches": 0, "missing_branches": 0, "percent_branches_covered": 100.0, "percent_branches_covered_display": "100"}, "missing_lines": [], "excluded_lines": [], "start_line": 49, "executed_branches": [], "missing_branches": []}, "SyncConfig": {"executed_lines": [], "summary": {"covered_lines": 0, "num_statements": 0, "percent_covered": 100.0, "percent_covered_display": "100", "missing_lines": 0, "excluded_lines": 0, "percent_statements_covered": 100.0, "percent_statements_covered_display": "100", "num_branches": 0, "num_partial_branches": 0, "covered_branches": 0, "missing_branches": 0, "percent_branches_covered": 100.0, "percent_branches_covered_display": "100"}, "missing_lines": [], "excluded_lines": [], "start_line": 53, "executed_branches": [], "missing_branches": []}, "MarkdownConfig": {"executed_lines": [], "summary": {"covered_lines": 0, "num_statements": 0, "percent_covered": 100.0, "percent_covered_display": "100", "missing_lines": 0, "excluded_lines": 0, "percent_statements_covered": 100.0, "percent_statements_covered_display": "100", "num_branches": 0, "num_partial_branches": 0, "covered_branches": 0, "missing_branches": 0, "percent_branches_covered": 100.0, "percent_branches_covered_display": "100"}, "missing_lines": [], "excluded_lines": [], "start_line": 59, "executed_branches": [], "missing_branches": []}, "ContentConfig": {"executed_lines": [], "summary": {"covered_lines": 0, "num_statements": 0, "percent_covered": 100.0, "percent_covered_display": "100", "missing_lines": 0, "excluded_lines": 0, "percent_statements_covered": 100.0, "percent_statements_covered_display": "100", "num_branches": 0, "num_partial_branches": 0, "covered_branches": 0, "missing_branches": 0, "percent_branches_covered": 100.0, "percent_branches_covered_display": "100"}, "missing_lines": [], "excluded_lines": [], "start_line": 64, "executed_branches": [], "missing_branches": []}, "ExportConfig": {"executed_lines": [], "summary": {"covered_lines": 0, "num_statements": 0, "percent_covered": 100.0, "percent_covered_display": "100", "missing_lines": 0, "excluded_lines": 0, "percent_statements_covered": 100.0, "percent_statements_covered_display": "100", "num_branches": 0, "num_partial_branches": 0, "covered_branches": 0, "missing_branches": 0, "percent_branches_covered": 100.0, "percent_branches_covered_display": "100"}, "missing_lines": [], "excluded_lines": [], "start_line": 71, "executed_branches": [], "missing_branches": []}, "MissingConfluenceCredentialsError": {"executed_lines": [89, 90], "summary": {"covered_lines": 2, "num_statements": 2, "percent_covered": 100.0, "percent_covered_display": "100", "missing_lines": 0, "excluded_lines": 0, "percent_statements_covered": 100.0, "percent_statements_covered_display": "100", "num_branches": 0, "num_partial_branches": 0, "covered_branches": 0, "missing_branches": 0, "percent_branches_covered": 100.0, "percent_branches_covered_display": "100"}, "missing_lines": [], "excluded_lines": [], "start_line": 85, "executed_branches": [], "missing_branches": []}, "ConfluenceCredentials": {"executed_lines": [102, 103, 104, 105, 106, 107, 108, 109, 110, 111, 112, 113, 114], "summary": {"covered_lines": 13, "num_statements": 13, "percent_covered": 100.0, "percent_covered_display": "100", "missing_lines": 0, "excluded_lines": 0, "percent_statements_covered": 100.0, "percent_statements_covered_display": "100", "num_branches": 6, "num_partial_branches": 0, "covered_branches": 6, "missing_branches": 0, "percent_branches_covered": 100.0, "percent_branches_covered_display": "100"}, "missing_lines": [], "excluded_lines": [], "start_line": 93, "executed_branches": [[106, 107], [106, 108], [108, 109], [108, 110], [110, 111], [110, 112]], "missing_branches": []}, "": {"executed_lines": [3, 5, 6, 7, 8, 10, 11, 13, 18, 23, 24, 49, 50, 53, 54, 55, 56, 59, 60, 61, 64, 65, 66, 67, 68, 71, 72, 74, 75, 76, 77, 78, 79, 80, 81, 82, 85, 88, 93, 94, 95, 97, 98, 117, 124, 125, 126, 128, 129, 131, 134, 137, 140, 143, 146, 147, 148, 150, 151, 152, 153, 155, 156, 157, 158, 159, 162, 163, 165, 166, 167, 168, 169, 172, 173, 174, 176, 178, 181, 182, 183, 186, 187, 190, 191, 193, 194, 197, 199], "summary": {"covered_lines": 89, "num_statements": 100, "percent_covered": 83.84615384615384, "percent_covered_display": "84", "missing_lines": 11, "excluded_lines": 0, "percent_statements_covered": 89.0, "percent_statements_covered_display": "89", "num_branches": 30, "num_partial_branches": 10, "covered_branches": 20, "missing_branches": 10, "percent_branches_covered": 66.66666666666667, "percent_branches_covered_display": "67"}, "missing_lines": [132, 154, 164, 175, 177, 179, 184, 192, 195, 196, 198], "excluded_lines": [], "start_line": 1, "executed_branches": [[125, 126], [125, 128], [131, 134], [147, 148], [147, 150], [151, 152], [151, 159], [153, 155], [156, 157], [163, 165], [165, 166], [165, 169], [167, 165], [167, 168], [174, 176], [176, 178], [178, 181], [183, 186], [191, 193], [197, 199]], "missing_branches": [[131, 132], [153, 154], [156, 151], [163, 164], [174, 175], [176, 177], [178, 179], [183, 184], [191, 192], [197, 198]]}}}, "src/atlassian_md_export/confluence/__init__.py": {"executed_lines": [3, 4, 5, 6, 8], "summary": {"covered_lines": 5, "num_statements": 5, "percent_covered": 100.0, "percent_covered_display": "100", "missing_lines": 0, "excluded_lines": 0, "percent_statements_covered": 100.0, "percent_statements_covered_display": "100", "num_branches": 0, "num_partial_branches": 0, "covered_branches": 0, "missing_branches": 0, "percent_branches_covered": 100.0, "percent_branches_covered_display": "100"}, "missing_lines": [], "excluded_lines": [], "executed_branches": [], "missing_branches": [], "functions": {"": {"executed_lines": [3, 4, 5, 6, 8], "summary": {"covered_lines": 5, "num_statements": 5, "percent_covered": 100.0, "percent_covered_display": "100", "missing_lines": 0, "excluded_lines": 0, "percent_statements_covered": 100.0, "percent_statements_covered_display": "100", "num_branches": 0, "num_partial_branches": 0, "covered_branches": 0, "missing_branches": 0, "percent_branches_covered": 100.0, "percent_branches_covered_display": "100"}, "missing_lines": [], "excluded_lines": [], "start_line": 1, "executed_branches": [], "missing_branches": []}}, "classes": {"": {"executed_lines": [3, 4, 5, 6, 8], "summary": {"covered_lines": 5, "num_statements": 5, "percent_covered": 100.0, "percent_covered_display": "100", "missing_lines": 0, "excluded_lines": 0, "percent_statements_covered": 100.0, "percent_statements_covered_display": "100", "num_branches": 0, "num_partial_branches": 0, "covered_branches": 0, "missing_branches": 0, "percent_branches_covered": 100.0, "percent_branches_covered_display": "100"}, "missing_lines": [], "excluded_lines": [], "start_line": 1, "executed_branches": [], "missing_branches": []}}}, "src/atlassian_md_export/confluence/client.py": {"executed_lines": [3, 5, 6, 7, 8, 9, 10, 11, 12, 13, 15, 17, 18, 20, 21, 22, 23, 24, 25, 28, 29, 30, 31, 32, 33, 36, 37, 38, 39, 40, 41, 42, 43, 44, 45, 46, 49, 50, 51, 52, 54, 62, 66, 70, 76, 77, 79, 86, 87, 88, 95, 96, 106, 113, 114, 115, 116, 126, 133, 134, 135, 141, 148, 158, 160, 168, 172, 174, 181, 190, 194, 196, 197, 198, 205, 211, 218, 224, 231, 237, 244, 250, 257, 258, 259, 260, 263, 264, 269, 271, 278, 279, 280, 281, 289, 297, 303, 304, 305, 306, 312, 324, 332, 333, 341, 350, 351, 352, 354, 355, 361, 362, 363, 368, 370, 372, 379, 380, 381, 383, 384, 385, 386, 390, 396, 399, 400, 403, 404, 405, 406, 407, 411, 412, 413, 416, 417, 418, 424, 426, 427, 430, 431, 432, 434, 435, 437, 438, 439, 441, 444, 445, 446, 447, 448, 449, 450, 453, 454, 455, 456, 457, 458, 459, 460, 461, 462, 463, 467, 468, 469, 470, 471, 474, 475, 476, 477, 478, 479, 481, 483, 486, 493, 494, 495, 496, 497, 498, 501, 502, 503, 504, 505, 506, 508, 509, 510, 511, 512, 513, 526, 527, 528, 530, 531, 533, 536, 537, 538, 539, 541, 544, 545, 546, 548, 551, 552, 553, 555, 558, 559, 560, 562, 565, 566, 567, 568, 570, 571, 573, 574, 575, 577, 580, 581, 583, 586, 587, 588, 589, 593, 596, 597, 598, 599, 601, 602, 604, 606, 609, 610, 611, 612, 613, 616, 617, 618, 619, 620, 621, 625, 628, 634, 635, 636, 638, 639, 640, 642, 643, 644, 648, 654, 655, 656, 657, 658, 660, 661, 664, 665, 668, 671, 672, 673, 676, 677, 678, 681, 685, 688, 689, 690, 691, 694, 695, 697, 699, 702, 703, 706, 707, 709, 711, 716, 717, 718, 721, 723, 725, 726], "summary": {"covered_lines": 311, "num_statements": 368, "percent_covered": 78.74015748031496, "percent_covered_display": "79", "missing_lines": 57, "excluded_lines": 0, "percent_statements_covered": 84.51086956521739, "percent_statements_covered_display": "85", "num_branches": 140, "num_partial_branches": 47, "covered_branches": 89, "missing_branches": 51, "percent_branches_covered": 63.57142857142857, "percent_branches_covered_display": "64"}, "missing_lines": [55, 56, 57, 58, 59, 60, 63, 64, 67, 68, 173, 195, 261, 408, 414, 419, 420, 425, 433, 436, 440, 451, 452, 464, 480, 482, 529, 532, 540, 547, 554, 561, 569, 572, 576, 582, 590, 600, 603, 605, 614, 622, 641, 645, 662, 666, 674, 682, 686, 698, 708, 710, 719, 720, 722, 724, 727], "excluded_lines": [], "executed_branches": [[172, 174], [194, 196], [196, 197], [196, 198], [258, 259], [259, 260], [279, 280], [304, 305], [304, 306], [354, 355], [354, 370], [383, 384], [383, 396], [406, 407], [413, 416], [424, 426], [432, 434], [435, 437], [439, 441], [447, 448], [449, 450], [449, 457], [450, 453], [453, 454], [453, 455], [457, 458], [457, 461], [461, 462], [461, 463], [469, 470], [469, 471], [479, 481], [481, 483], [493, 494], [493, 495], [496, 497], [505, 506], [505, 508], [528, 530], [531, 533], [539, 541], [546, 548], [553, 555], [560, 562], [568, 570], [571, 573], [575, 577], [581, 583], [587, 588], [587, 589], [589, 593], [597, 598], [597, 599], [599, 601], [602, 604], [604, 606], [611, 612], [611, 613], [613, 616], [617, 618], [617, 625], [619, 620], [619, 621], [621, 625], [635, 636], [635, 638], [638, 639], [640, 642], [643, 644], [655, 656], [655, 660], [657, 658], [661, 664], [665, 668], [673, 676], [677, 678], [677, 681], [681, 685], [685, 688], [688, 689], [688, 697], [690, 691], [690, 694], [697, 699], [707, 709], [709, 711], [721, 723], [723, 725], [725, 726]], "missing_branches": [[57, 58], [57, 60], [58, 57], [58, 59], [172, 173], [194, 195], [258, 261], [259, 258], [279, 281], [406, 408], [413, 414], [424, 425], [432, 433], [435, 436], [439, 440], [447, 464], [450, 451], [479, 480], [481, 482], [496, 498], [528, 529], [531, 532], [539, 540], [546, 547], [553, 554], [560, 561], [568, 569], [571, 572], [575, 576], [581, 582], [589, 590], [599, 600], [602, 603], [604, 605], [613, 614], [621, 622], [638, 645], [640, 641], [643, 638], [657, 660], [661, 662], [665, 666], [673, 674], [681, 682], [685, 686], [697, 698], [707, 708], [709, 710], [721, 722], [723, 724], [725, 727]], "functions": {"ConfluenceClient.resolve_space": {"executed_lines": [], "summary": {"covered_lines": 0, "num_statements": 6, "percent_covered": 0.0, "percent_covered_display": "0", "missing_lines": 6, "excluded_lines": 0, "percent_statements_covered": 0.0, "percent_statements_covered_display": "0", "num_branches": 4, "num_partial_branches": 0, "covered_branches": 0, "missing_branches": 4, "percent_branches_covered": 0.0, "percent_branches_covered_display": "0"}, "missing_lines": [55, 56, 57, 58, 59, 60], "excluded_lines": [], "start_line": 54, "executed_branches": [], "missing_branches": [[57, 58], [57, 60], [58, 57], [58, 59]]}, "ConfluenceClient.list_spaces": {"executed_lines": [], "summary": {"covered_lines": 0, "num_statements": 2, "percent_covered": 0.0, "percent_covered_display": "0", "missing_lines": 2, "excluded_lines": 0, "percent_statements_covered": 0.0, "percent_statements_covered_display": "0", "num_branches": 0, "num_partial_branches": 0, "covered_branches": 0, "missing_branches": 0, "percent_branches_covered": 100.0, "percent_branches_covered_display": "100"}, "missing_lines": [63, 64], "excluded_lines": [], "start_line": 62, "executed_branches": [], "missing_branches": []}, "ConfluenceClient.fetch_space_by_id": {"executed_lines": [], "summary": {"covered_lines": 0, "num_statements": 2, "percent_covered": 0.0, "percent_covered_display": "0", "missing_lines": 2, "excluded_lines": 0, "percent_statements_covered": 0.0, "percent_statements_covered_display": "0", "num_branches": 0, "num_partial_branches": 0, "covered_branches": 0, "missing_branches": 0, "percent_branches_covered": 100.0, "percent_branches_covered_display": "100"}, "missing_lines": [67, 68], "excluded_lines": [], "start_line": 66, "executed_branches": [], "missing_branches": []}, "ConfluenceClient.fetch_page": {"executed_lines": [76, 77], "summary": {"covered_lines": 2, "num_statements": 2, "percent_covered": 100.0, "percent_covered_display": "100", "missing_lines": 0, "excluded_lines": 0, "percent_statements_covered": 100.0, "percent_statements_covered_display": "100", "num_branches": 0, "num_partial_branches": 0, "covered_branches": 0, "missing_branches": 0, "percent_branches_covered": 100.0, "percent_branches_covered_display": "100"}, "missing_lines": [], "excluded_lines": [], "start_line": 70, "executed_branches": [], "missing_branches": []}, "ConfluenceClient.fetch_space_pages": {"executed_lines": [86, 87, 88, 95, 96], "summary": {"covered_lines": 5, "num_statements": 5, "percent_covered": 100.0, "percent_covered_display": "100", "missing_lines": 0, "excluded_lines": 0, "percent_statements_covered": 100.0, "percent_statements_covered_display": "100", "num_branches": 0, "num_partial_branches": 0, "covered_branches": 0, "missing_branches": 0, "percent_branches_covered": 100.0, "percent_branches_covered_display": "100"}, "missing_lines": [], "excluded_lines": [], "start_line": 79, "executed_branches": [], "missing_branches": []}, "ConfluenceClient.search_pages": {"executed_lines": [113, 114, 115, 116], "summary": {"covered_lines": 4, "num_statements": 4, "percent_covered": 100.0, "percent_covered_display": "100", "missing_lines": 0, "excluded_lines": 0, "percent_statements_covered": 100.0, "percent_statements_covered_display": "100", "num_branches": 0, "num_partial_branches": 0, "covered_branches": 0, "missing_branches": 0, "percent_branches_covered": 100.0, "percent_branches_covered_display": "100"}, "missing_lines": [], "excluded_lines": [], "start_line": 106, "executed_branches": [], "missing_branches": []}, "ConfluenceClient.fetch_ancestor_subtree": {"executed_lines": [133, 134, 135, 141, 148, 158], "summary": {"covered_lines": 6, "num_statements": 6, "percent_covered": 100.0, "percent_covered_display": "100", "missing_lines": 0, "excluded_lines": 0, "percent_statements_covered": 100.0, "percent_statements_covered_display": "100", "num_branches": 0, "num_partial_branches": 0, "covered_branches": 0, "missing_branches": 0, "percent_branches_covered": 100.0, "percent_branches_covered_display": "100"}, "missing_lines": [], "excluded_lines": [], "start_line": 126, "executed_branches": [], "missing_branches": []}, "ConfluenceClient.fetch_footer_comments": {"executed_lines": [168, 172, 174], "summary": {"covered_lines": 3, "num_statements": 4, "percent_covered": 66.66666666666667, "percent_covered_display": "67", "missing_lines": 1, "excluded_lines": 0, "percent_statements_covered": 75.0, "percent_statements_covered_display": "75", "num_branches": 2, "num_partial_branches": 1, "covered_branches": 1, "missing_branches": 1, "percent_branches_covered": 50.0, "percent_branches_covered_display": "50"}, "missing_lines": [173], "excluded_lines": [], "start_line": 160, "executed_branches": [[172, 174]], "missing_branches": [[172, 173]]}, "ConfluenceClient.fetch_inline_comments": {"executed_lines": [190, 194, 196, 197, 198], "summary": {"covered_lines": 5, "num_statements": 6, "percent_covered": 80.0, "percent_covered_display": "80", "missing_lines": 1, "excluded_lines": 0, "percent_statements_covered": 83.33333333333333, "percent_statements_covered_display": "83", "num_branches": 4, "num_partial_branches": 1, "covered_branches": 3, "missing_branches": 1, "percent_branches_covered": 75.0, "percent_branches_covered_display": "75"}, "missing_lines": [195], "excluded_lines": [], "start_line": 181, "executed_branches": [[194, 196], [196, 197], [196, 198]], "missing_branches": [[194, 195]]}, "ConfluenceClient.fetch_labels": {"executed_lines": [211], "summary": {"covered_lines": 1, "num_statements": 1, "percent_covered": 100.0, "percent_covered_display": "100", "missing_lines": 0, "excluded_lines": 0, "percent_statements_covered": 100.0, "percent_statements_covered_display": "100", "num_branches": 0, "num_partial_branches": 0, "covered_branches": 0, "missing_branches": 0, "percent_branches_covered": 100.0, "percent_branches_covered_display": "100"}, "missing_lines": [], "excluded_lines": [], "start_line": 205, "executed_branches": [], "missing_branches": []}, "ConfluenceClient.fetch_ancestors": {"executed_lines": [224], "summary": {"covered_lines": 1, "num_statements": 1, "percent_covered": 100.0, "percent_covered_display": "100", "missing_lines": 0, "excluded_lines": 0, "percent_statements_covered": 100.0, "percent_statements_covered_display": "100", "num_branches": 0, "num_partial_branches": 0, "covered_branches": 0, "missing_branches": 0, "percent_branches_covered": 100.0, "percent_branches_covered_display": "100"}, "missing_lines": [], "excluded_lines": [], "start_line": 218, "executed_branches": [], "missing_branches": []}, "ConfluenceClient.fetch_descendants": {"executed_lines": [237], "summary": {"covered_lines": 1, "num_statements": 1, "percent_covered": 100.0, "percent_covered_display": "100", "missing_lines": 0, "excluded_lines": 0, "percent_statements_covered": 100.0, "percent_statements_covered_display": "100", "num_branches": 0, "num_partial_branches": 0, "covered_branches": 0, "missing_branches": 0, "percent_branches_covered": 100.0, "percent_branches_covered_display": "100"}, "missing_lines": [], "excluded_lines": [], "start_line": 231, "executed_branches": [], "missing_branches": []}, "ConfluenceClient.fetch_attachment_metadata": {"executed_lines": [250], "summary": {"covered_lines": 1, "num_statements": 1, "percent_covered": 100.0, "percent_covered_display": "100", "missing_lines": 0, "excluded_lines": 0, "percent_statements_covered": 100.0, "percent_statements_covered_display": "100", "num_branches": 0, "num_partial_branches": 0, "covered_branches": 0, "missing_branches": 0, "percent_branches_covered": 100.0, "percent_branches_covered_display": "100"}, "missing_lines": [], "excluded_lines": [], "start_line": 244, "executed_branches": [], "missing_branches": []}, "ConfluenceClient._resolve_space": {"executed_lines": [258, 259, 260], "summary": {"covered_lines": 3, "num_statements": 4, "percent_covered": 62.5, "percent_covered_display": "62", "missing_lines": 1, "excluded_lines": 0, "percent_statements_covered": 75.0, "percent_statements_covered_display": "75", "num_branches": 4, "num_partial_branches": 2, "covered_branches": 2, "missing_branches": 2, "percent_branches_covered": 50.0, "percent_branches_covered_display": "50"}, "missing_lines": [261], "excluded_lines": [], "start_line": 257, "executed_branches": [[258, 259], [259, 260]], "missing_branches": [[258, 261], [259, 258]]}, "ConfluenceClient._fetch_space_by_id": {"executed_lines": [264, 269], "summary": {"covered_lines": 2, "num_statements": 2, "percent_covered": 100.0, "percent_covered_display": "100", "missing_lines": 0, "excluded_lines": 0, "percent_statements_covered": 100.0, "percent_statements_covered_display": "100", "num_branches": 0, "num_partial_branches": 0, "covered_branches": 0, "missing_branches": 0, "percent_branches_covered": 100.0, "percent_branches_covered_display": "100"}, "missing_lines": [], "excluded_lines": [], "start_line": 263, "executed_branches": [], "missing_branches": []}, "ConfluenceClient._list_spaces": {"executed_lines": [278, 279, 280, 281], "summary": {"covered_lines": 4, "num_statements": 4, "percent_covered": 83.33333333333333, "percent_covered_display": "83", "missing_lines": 0, "excluded_lines": 0, "percent_statements_covered": 100.0, "percent_statements_covered_display": "100", "num_branches": 2, "num_partial_branches": 1, "covered_branches": 1, "missing_branches": 1, "percent_branches_covered": 50.0, "percent_branches_covered_display": "50"}, "missing_lines": [], "excluded_lines": [], "start_line": 271, "executed_branches": [[279, 280]], "missing_branches": [[279, 281]]}, "ConfluenceClient._fetch_page": {"executed_lines": [297, 303, 304, 305, 306, 312], "summary": {
[...]
ilure_does_not_advance_representative_run": {"executed_lines": [127, 128, 135, 145, 154, 160, 161], "summary": {"covered_lines": 7, "num_statements": 7, "percent_covered": 100.0, "percent_covered_display": "100", "missing_lines": 0, "excluded_lines": 0, "percent_statements_covered": 100.0, "percent_statements_covered_display": "100", "num_branches": 0, "num_partial_branches": 0, "covered_branches": 0, "missing_branches": 0, "percent_branches_covered": 100.0, "percent_branches_covered_display": "100"}, "missing_lines": [], "excluded_lines": [], "start_line": 126, "executed_branches": [], "missing_branches": []}, "test_incremental_success_advances_sync_without_becoming_cleanup_authority": {"executed_lines": [167, 168, 175, 182, 189, 196, 202, 207, 214, 215, 216, 217, 218, 219], "summary": {"covered_lines": 14, "num_statements": 14, "percent_covered": 100.0, "percent_covered_display": "100", "missing_lines": 0, "excluded_lines": 0, "percent_statements_covered": 100.0, "percent_statements_covered_display": "100", "num_branches": 0, "num_partial_branches": 0, "covered_branches": 0, "missing_branches": 0, "percent_branches_covered": 100.0, "percent_branches_covered_display": "100"}, "missing_lines": [], "excluded_lines": [], "start_line": 164, "executed_branches": [], "missing_branches": []}, "test_failed_scope_run_does_not_advance_incremental_cursor": {"executed_lines": [223, 224, 231, 238, 245, 254, 261, 262], "summary": {"covered_lines": 8, "num_statements": 8, "percent_covered": 100.0, "percent_covered_display": "100", "missing_lines": 0, "excluded_lines": 0, "percent_statements_covered": 100.0, "percent_statements_covered_display": "100", "num_branches": 0, "num_partial_branches": 0, "covered_branches": 0, "missing_branches": 0, "percent_branches_covered": 100.0, "percent_branches_covered_display": "100"}, "missing_lines": [], "excluded_lines": [], "start_line": 222, "executed_branches": [], "missing_branches": []}, "test_incremental_cursor_uses_same_command_and_scope": {"executed_lines": [266, 267, 274, 281, 288, 295, 302, 309, 316], "summary": {"covered_lines": 9, "num_statements": 9, "percent_covered": 100.0, "percent_covered_display": "100", "missing_lines": 0, "excluded_lines": 0, "percent_statements_covered": 100.0, "percent_statements_covered_display": "100", "num_branches": 0, "num_partial_branches": 0, "covered_branches": 0, "missing_branches": 0, "percent_branches_covered": 100.0, "percent_branches_covered_display": "100"}, "missing_lines": [], "excluded_lines": [], "start_line": 265, "executed_branches": [], "missing_branches": []}, "test_confluence_page_state_tracks_required_fields": {"executed_lines": [320, 321, 323, 342, 343, 344, 346, 347, 348, 349, 350, 351, 352, 353, 354, 355, 356, 357], "summary": {"covered_lines": 18, "num_statements": 18, "percent_covered": 100.0, "percent_covered_display": "100", "missing_lines": 0, "excluded_lines": 0, "percent_statements_covered": 100.0, "percent_statements_covered_display": "100", "num_branches": 0, "num_partial_branches": 0, "covered_branches": 0, "missing_branches": 0, "percent_branches_covered": 100.0, "percent_branches_covered_display": "100"}, "missing_lines": [], "excluded_lines": [], "start_line": 319, "executed_branches": [], "missing_branches": []}, "test_initialize_state_repairs_early_confluence_tables": {"executed_lines": [361, 362, 363, 381, 382, 394, 401, 408, 409, 412, 421, 422], "summary": {"covered_lines": 12, "num_statements": 12, "percent_covered": 100.0, "percent_covered_display": "100", "missing_lines": 0, "excluded_lines": 0, "percent_statements_covered": 100.0, "percent_statements_covered_display": "100", "num_branches": 0, "num_partial_branches": 0, "covered_branches": 0, "missing_branches": 0, "percent_branches_covered": 100.0, "percent_branches_covered_display": "100"}, "missing_lines": [], "excluded_lines": [], "start_line": 360, "executed_branches": [], "missing_branches": []}, "test_confluence_incremental_decision_uses_successful_compatible_run_overlap": {"executed_lines": [428, 429, 437, 444, 451, 459, 466, 467, 468, 469], "summary": {"covered_lines": 10, "num_statements": 10, "percent_covered": 100.0, "percent_covered_display": "100", "missing_lines": 0, "excluded_lines": 0, "percent_statements_covered": 100.0, "percent_statements_covered_display": "100", "num_branches": 0, "num_partial_branches": 0, "covered_branches": 0, "missing_branches": 0, "percent_branches_covered": 100.0, "percent_branches_covered_display": "100"}, "missing_lines": [], "excluded_lines": [], "start_line": 425, "executed_branches": [], "missing_branches": []}, "test_confluence_since_force_exact_and_representative_cleanup_semantics": {"executed_lines": [475, 476, 478, 485, 492, 498, 506], "summary": {"covered_lines": 7, "num_statements": 7, "percent_covered": 100.0, "percent_covered_display": "100", "missing_lines": 0, "excluded_lines": 0, "percent_statements_covered": 100.0, "percent_statements_covered_display": "100", "num_branches": 0, "num_partial_branches": 0, "covered_branches": 0, "missing_branches": 0, "percent_branches_covered": 100.0, "percent_branches_covered_display": "100"}, "missing_lines": [], "excluded_lines": [], "start_line": 472, "executed_branches": [], "missing_branches": []}, "_assert_confluence_scope_decisions": {"executed_lines": [520], "summary": {"covered_lines": 1, "num_statements": 1, "percent_covered": 100.0, "percent_covered_display": "100", "missing_lines": 0, "excluded_lines": 0, "percent_statements_covered": 100.0, "percent_statements_covered_display": "100", "num_branches": 0, "num_partial_branches": 0, "covered_branches": 0, "missing_branches": 0, "percent_branches_covered": 100.0, "percent_branches_covered_display": "100"}, "missing_lines": [], "excluded_lines": [], "start_line": 514, "executed_branches": [], "missing_branches": []}, "test_confluence_partial_failure_does_not_advance_cursor_or_cleanup_authority": {"executed_lines": [554, 555, 562, 569, 576, 586, 592, 597, 604, 605, 606, 607, 608, 609], "summary": {"covered_lines": 14, "num_statements": 14, "percent_covered": 100.0, "percent_covered_display": "100", "missing_lines": 0, "excluded_lines": 0, "percent_statements_covered": 100.0, "percent_statements_covered_display": "100", "num_branches": 0, "num_partial_branches": 0, "covered_branches": 0, "missing_branches": 0, "percent_branches_covered": 100.0, "percent_branches_covered_display": "100"}, "missing_lines": [], "excluded_lines": [], "start_line": 551, "executed_branches": [], "missing_branches": []}, "test_confluence_cql_date_literal_formats_iso_without_seconds_or_timezone": {"executed_lines": [613, 618, 621, 622], "summary": {"covered_lines": 4, "num_statements": 4, "percent_covered": 100.0, "percent_covered_display": "100", "missing_lines": 0, "excluded_lines": 0, "percent_statements_covered": 100.0, "percent_statements_covered_display": "100", "num_branches": 0, "num_partial_branches": 0, "covered_branches": 0, "missing_branches": 0, "percent_branches_covered": 100.0, "percent_branches_covered_display": "100"}, "missing_lines": [], "excluded_lines": [], "start_line": 612, "executed_branches": [], "missing_branches": []}, "": {"executed_lines": [1, 3, 4, 6, 7, 8, 9, 10, 11, 12, 13, 14, 15, 16, 17, 18, 19, 20, 21, 22, 23, 24, 27, 58, 90, 126, 164, 222, 265, 319, 360, 425, 472, 514, 551, 612], "summary": {"covered_lines": 36, "num_statements": 36, "percent_covered": 100.0, "percent_covered_display": "100", "missing_lines": 0, "excluded_lines": 0, "percent_statements_covered": 100.0, "percent_statements_covered_display": "100", "num_branches": 0, "num_partial_branches": 0, "covered_branches": 0, "missing_branches": 0, "percent_branches_covered": 100.0, "percent_branches_covered_display": "100"}, "missing_lines": [], "excluded_lines": [], "start_line": 1, "executed_branches": [], "missing_branches": []}}, "classes": {"": {"executed_lines": [1, 3, 4, 6, 7, 8, 9, 10, 11, 12, 13, 14, 15, 16, 17, 18, 19, 20, 21, 22, 23, 24, 27, 28, 29, 31, 45, 46, 47, 49, 50, 51, 52, 53, 54, 55, 58, 61, 62, 69, 77, 84, 85, 86, 87, 90, 91, 92, 94, 101, 108, 116, 117, 118, 119, 120, 121, 122, 123, 126, 127, 128, 135, 145, 154, 160, 161, 164, 167, 168, 175, 182, 189, 196, 202, 207, 214, 215, 216, 217, 218, 219, 222, 223, 224, 231, 238, 245, 254, 261, 262, 265, 266, 267, 274, 281, 288, 295, 302, 309, 316, 319, 320, 321, 323, 342, 343, 344, 346, 347, 348, 349, 350, 351, 352, 353, 354, 355, 356, 357, 360, 361, 362, 363, 381, 382, 394, 401, 408, 409, 412, 421, 422, 425, 428, 429, 437, 444, 451, 459, 466, 467, 468, 469, 472, 475, 476, 478, 485, 492, 498, 506, 514, 520, 551, 554, 555, 562, 569, 576, 586, 592, 597, 604, 605, 606, 607, 608, 609, 612, 613, 618, 621, 622], "summary": {"covered_lines": 174, "num_statements": 174, "percent_covered": 100.0, "percent_covered_display": "100", "missing_lines": 0, "excluded_lines": 0, "percent_statements_covered": 100.0, "percent_statements_covered_display": "100", "num_branches": 0, "num_partial_branches": 0, "covered_branches": 0, "missing_branches": 0, "percent_branches_covered": 100.0, "percent_branches_covered_display": "100"}, "missing_lines": [], "excluded_lines": [], "start_line": 1, "executed_branches": [], "missing_branches": []}}}, "tests/test_writer.py": {"executed_lines": [1, 3, 4, 5, 6, 8, 9, 11, 12, 13, 14, 15, 16, 17, 18, 19, 20, 23, 24, 25, 26, 28, 30, 129, 130, 131, 132, 133, 135, 136, 147, 148, 151, 152, 153, 182, 199, 206, 208, 211, 220, 221, 222, 226, 230, 235, 241, 242, 243, 244, 245, 246, 247, 250, 251, 252, 261, 265, 269, 270, 272, 273, 274, 275, 276, 279, 280, 281, 283, 288, 290, 291, 292, 293, 294, 295, 296, 305, 306, 307, 308, 310, 312, 313, 314, 317, 321, 322, 323, 325, 326, 327, 329, 331, 338, 339, 342, 343, 344, 345, 346, 347, 348, 349, 350, 353, 354, 362, 363, 435, 436], "summary": {"covered_lines": 111, "num_statements": 111, "percent_covered": 100.0, "percent_covered_display": "100", "missing_lines": 0, "excluded_lines": 0, "percent_statements_covered": 100.0, "percent_statements_covered_display": "100", "num_branches": 0, "num_partial_branches": 0, "covered_branches": 0, "missing_branches": 0, "percent_branches_covered": 100.0, "percent_branches_covered_display": "100"}, "missing_lines": [], "excluded_lines": [], "executed_branches": [], "missing_branches": [], "functions": {"test_representative_issue_markdown_snapshot": {"executed_lines": [24, 25, 26, 28, 30], "summary": {"covered_lines": 5, "num_statements": 5, "percent_covered": 100.0, "percent_covered_display": "100", "missing_lines": 0, "excluded_lines": 0, "percent_statements_covered": 100.0, "percent_statements_covered_display": "100", "num_branches": 0, "num_partial_branches": 0, "covered_branches": 0, "missing_branches": 0, "percent_branches_covered": 100.0, "percent_branches_covered_display": "100"}, "missing_lines": [], "excluded_lines": [], "start_line": 23, "executed_branches": [], "missing_branches": []}, "test_frontmatter_order_and_section_order_are_stable": {"executed_lines": [130, 131, 132, 133, 135, 136, 147, 148], "summary": {"covered_lines": 8, "num_statements": 8, "percent_covered": 100.0, "percent_covered_display": "100", "missing_lines": 0, "excluded_lines": 0, "percent_statements_covered": 100.0, "percent_statements_covered_display": "100", "num_branches": 0, "num_partial_branches": 0, "covered_branches": 0, "missing_branches": 0, "percent_branches_covered": 100.0, "percent_branches_covered_display": "100"}, "missing_lines": [], "excluded_lines": [], "start_line": 129, "executed_branches": [], "missing_branches": []}, "test_issue_markdown_renders_description_and_comment_task_lists": {"executed_lines": [152, 153, 182, 199, 206, 208, 211], "summary": {"covered_lines": 7, "num_statements": 7, "percent_covered": 100.0, "percent_covered_display": "100", "missing_lines": 0, "excluded_lines": 0, "percent_statements_covered": 100.0, "percent_statements_covered_display": "100", "num_branches": 0, "num_partial_branches": 0, "covered_branches": 0, "missing_branches": 0, "percent_branches_covered": 100.0, "percent_branches_covered_display": "100"}, "missing_lines": [], "excluded_lines": [], "start_line": 151, "executed_branches": [], "missing_branches": []}, "test_stable_exported_at_and_content_hash_ignore_export_timestamp": {"executed_lines": [221, 222, 226, 230, 235, 241, 242, 243, 244, 245, 246, 247], "summary": {"covered_lines": 12, "num_statements": 12, "percent_covered": 100.0, "percent_covered_display": "100", "missing_lines": 0, "excluded_lines": 0, "percent_statements_covered": 100.0, "percent_statements_covered_display": "100", "num_branches": 0, "num_partial_branches": 0, "covered_branches": 0, "missing_branches": 0, "percent_branches_covered": 100.0, "percent_branches_covered_display": "100"}, "missing_lines": [], "excluded_lines": [], "start_line": 220, "executed_branches": [], "missing_branches": []}, "test_attachment_local_path_changes_markdown_content_hash": {"executed_lines": [251, 252, 261, 265, 269, 270, 272, 273, 274, 275, 276], "summary": {"covered_lines": 11, "num_statements": 11, "percent_covered": 100.0, "percent_covered_display": "100", "missing_lines": 0, "excluded_lines": 0, "percent_statements_covered": 100.0, "percent_statements_covered_display": "100", "num_branches": 0, "num_partial_branches": 0, "covered_branches": 0, "missing_branches": 0, "percent_branches_covered": 100.0, "percent_branches_covered_display": "100"}, "missing_lines": [], "excluded_lines": [], "start_line": 250, "executed_branches": [], "missing_branches": []}, "test_raw_issue_export_json_preserves_required_source_material": {"executed_lines": [280, 281, 283, 288, 290, 291, 292, 293, 294, 295, 296], "summary": {"covered_lines": 11, "num_statements": 11, "percent_covered": 100.0, "percent_covered_display": "100", "missing_lines": 0, "excluded_lines": 0, "percent_statements_covered": 100.0, "percent_statements_covered_display": "100", "num_branches": 0, "num_partial_branches": 0, "covered_branches": 0, "missing_branches": 0, "percent_branches_covered": 100.0, "percent_branches_covered_display": "100"}, "missing_lines": [], "excluded_lines": [], "start_line": 279, "executed_branches": [], "missing_branches": []}, "test_initialize_output_migrates_legacy_issue_json_to_raw_dir": {"executed_lines": [306, 307, 308, 310, 312, 313, 314], "summary": {"covered_lines": 7, "num_statements": 7, "percent_covered": 100.0, "percent_covered_display": "100", "missing_lines": 0, "excluded_lines": 0, "percent_statements_covered": 100.0, "percent_statements_covered_display": "100", "num_branches": 0, "num_partial_branches": 0, "covered_branches": 0, "missing_branches": 0, "percent_branches_covered": 100.0, "percent_branches_covered_display": "100"}, "missing_lines": [], "excluded_lines": [], "start_line": 305, "executed_branches": [], "missing_branches": []}, "test_write_issue_files_uses_atomic_replace": {"executed_lines": [321, 322, 323, 325, 329, 331, 338, 339, 342, 343, 344, 345, 346, 347, 348, 349, 350], "summary": {"covered_lines": 17, "num_statements": 17, "percent_covered": 100.0, "percent_covered_display": "100", "missing_lines": 0, "excluded_lines": 0, "percent_statements_covered": 100.0, "percent_statements_covered_display": "100", "num_branches": 0, "num_partial_branches": 0, "covered_branches": 0, "missing_branches": 0, "percent_branches_covered": 100.0, "percent_branches_covered_display": "100"}, "missing_lines": [], "excluded_lines": [], "start_line": 317, "executed_branches": [], "missing_branches": []}, "test_write_issue_files_uses_atomic_replace.recording_replace": {"executed_lines": [326, 327], "summary": {"covered_lines": 2, "num_statements": 2, "percent_covered": 100.0, "percent_covered_display": "100", "missing_lines": 0, "excluded_lines": 0, "percent_statements_covered": 100.0, "percent_statements_covered_display": "100", "num_branches": 0, "num_partial_branches": 0, "covered_branches": 0, "missing_branches": 0, "percent_branches_covered": 100.0, "percent_branches_covered_display": "100"}, "missing_lines": [], "excluded_lines": [], "start_line": 325, "executed_branches": [], "missing_branches": []}, "_normalized_issue": {"executed_lines": [354], "summary": {"covered_lines": 1, "num_statements": 1, "percent_covered": 100.0, "percent_covered_display": "100", "missing_lines": 0, "excluded_lines": 0, "percent_statements_covered": 100.0, "percent_statements_covered_display": "100", "num_branches": 0, "num_partial_branches": 0, "covered_branches": 0, "missing_branches": 0, "percent_branches_covered": 100.0, "percent_branches_covered_display": "100"}, "missing_lines": [], "excluded_lines": [], "start_line": 353, "executed_branches": [], "missing_branches": []}, "_raw_issue": {"executed_lines": [363], "summary": {"covered_lines": 1, "num_statements": 1, "percent_covered": 100.0, "percent_covered_display": "100", "missing_lines": 0, "excluded_lines": 0, "percent_statements_covered": 100.0, "percent_statements_covered_display": "100", "num_branches": 0, "num_partial_branches": 0, "covered_branches": 0, "missing_branches": 0, "percent_branches_covered": 100.0, "percent_branches_covered_display": "100"}, "missing_lines": [], "excluded_lines": [], "start_line": 362, "executed_branches": [], "missing_branches": []}, "_comments": {"executed_lines": [436], "summary": {"covered_lines": 1, "num_statements": 1, "percent_covered": 100.0, "percent_covered_display": "100", "missing_lines": 0, "excluded_lines": 0, "percent_statements_covered": 100.0, "percent_statements_covered_display": "100", "num_branches": 0, "num_partial_branches": 0, "covered_branches": 0, "missing_branches": 0, "percent_branches_covered": 100.0, "percent_branches_covered_display": "100"}, "missing_lines": [], "excluded_lines": [], "start_line": 435, "executed_branches": [], "missing_branches": []}, "": {"executed_lines": [1, 3, 4, 5, 6, 8, 9, 11, 12, 13, 14, 15, 16, 17, 18, 19, 20, 23, 129, 151, 220, 250, 279, 305, 317, 353, 362, 435], "summary": {"covered_lines": 28, "num_statements": 28, "percent_covered": 100.0, "percent_covered_display": "100", "missing_lines": 0, "excluded_lines": 0, "percent_statements_covered": 100.0, "percent_statements_covered_display": "100", "num_branches": 0, "num_partial_branches": 0, "covered_branches": 0, "missing_branches": 0, "percent_branches_covered": 100.0, "percent_branches_covered_display": "100"}, "missing_lines": [], "excluded_lines": [], "start_line": 1, "executed_branches": [], "missing_branches": []}}, "classes": {"": {"executed_lines": [1, 3, 4, 5, 6, 8, 9, 11, 12, 13, 14, 15, 16, 17, 18, 19, 20, 23, 24, 25, 26, 28, 30, 129, 130, 131, 132, 133, 135, 136, 147, 148, 151, 152, 153, 182, 199, 206, 208, 211, 220, 221, 222, 226, 230, 235, 241, 242, 243, 244, 245, 246, 247, 250, 251, 252, 261, 265, 269, 270, 272, 273, 274, 275, 276, 279, 280, 281, 283, 288, 290, 291, 292, 293, 294, 295, 296, 305, 306, 307, 308, 310, 312, 313, 314, 317, 321, 322, 323, 325, 326, 327, 329, 331, 338, 339, 342, 343, 344, 345, 346, 347, 348, 349, 350, 353, 354, 362, 363, 435, 436], "summary": {"covered_lines": 111, "num_statements": 111, "percent_covered": 100.0, "percent_covered_display": "100", "missing_lines": 0, "excluded_lines": 0, "percent_statements_covered": 100.0, "percent_statements_covered_display": "100", "num_branches": 0, "num_partial_branches": 0, "covered_branches": 0, "missing_branches": 0, "percent_branches_covered": 100.0, "percent_branches_covered_display": "100"}, "missing_lines": [], "excluded_lines": [], "start_line": 1, "executed_branches": [], "missing_branches": []}}}}, "totals": {"covered_lines": 5375, "num_statements": 5964, "percent_covered": 86.83998927901366, "percent_covered_display": "87", "missing_lines": 589, "excluded_lines": 0, "percent_statements_covered": 90.12407780013413, "percent_statements_covered_display": "90", "num_branches": 1498, "num_partial_branches": 329, "covered_branches": 1105, "missing_branches": 393, "percent_branches_covered": 73.76502002670227, "percent_branches_covered_display": "74"}}